{"meta": {"format": 3, "version": "7.14.1", "timestamp": "2026-06-10T02:24:14.208866", "branch_coverage": false, "show_contexts": false}, "files": {"src/geosupply/__init__.py": {"executed_lines": [3], "summary": {"covered_lines": 1, "num_statements": 1, "percent_covered": 100.0, "percent_covered_display": "100", "missing_lines": 0, "excluded_lines": 0, "percent_statements_covered": 100.0, "percent_statements_covered_display": "100"}, "missing_lines": [], "excluded_lines": [], "functions": {"": {"executed_lines": [3], "summary": {"covered_lines": 1, "num_statements": 1, "percent_covered": 100.0, "percent_covered_display": "100", "missing_lines": 0, "excluded_lines": 0, "percent_statements_covered": 100.0, "percent_statements_covered_display": "100"}, "missing_lines": [], "excluded_lines": [], "start_line": 1}}, "classes": {"": {"executed_lines": [3], "summary": {"covered_lines": 1, "num_statements": 1, "percent_covered": 100.0, "percent_covered_display": "100", "missing_lines": 0, "excluded_lines": 0, "percent_statements_covered": 100.0, "percent_statements_covered_display": "100"}, "missing_lines": [], "excluded_lines": [], "start_line": 1}}}, "src/geosupply/agents/__init__.py": {"executed_lines": [7, 8, 9, 10, 11, 12, 13, 14, 16, 18, 19, 22, 25, 28, 29, 32, 35, 38, 39, 40, 41, 42, 45, 46, 48], "summary": {"covered_lines": 25, "num_statements": 25, "percent_covered": 100.0, "percent_covered_display": "100", "missing_lines": 0, "excluded_lines": 0, "percent_statements_covered": 100.0, "percent_statements_covered_display": "100"}, "missing_lines": [], "excluded_lines": [], "functions": {"": {"executed_lines": [7, 8, 9, 10, 11, 12, 13, 14, 16, 18, 19, 22, 25, 28, 29, 32, 35, 38, 39, 40, 41, 42, 45, 46, 48], "summary": {"covered_lines": 25, "num_statements": 25, "percent_covered": 100.0, "percent_covered_display": "100", "missing_lines": 0, "excluded_lines": 0, "percent_statements_covered": 100.0, "percent_statements_covered_display": "100"}, "missing_lines": [], "excluded_lines": [], "start_line": 1}}, "classes": {"": {"executed_lines": [7, 8, 9, 10, 11, 12, 13, 14, 16, 18, 19, 22, 25, 28, 29, 32, 35, 38, 39, 40, 41, 42, 45, 46, 48], "summary": {"covered_lines": 25, "num_statements": 25, "percent_covered": 100.0, "percent_covered_display": "100", "missing_lines": 0, "excluded_lines": 0, "percent_statements_covered": 100.0, "percent_statements_covered_display": "100"}, "missing_lines": [], "excluded_lines": [], "start_line": 1}}}, "src/geosupply/agents/budget_manager_agent.py": {"executed_lines": [3, 5, 7, 8, 11, 14, 15, 16, 17, 19, 20, 21, 22, 24, 25, 26, 27, 31, 32, 33, 34, 44, 45, 47, 48, 50, 51, 53, 57, 58, 60, 62, 63], "summary": {"covered_lines": 33, "num_statements": 39, "percent_covered": 84.61538461538461, "percent_covered_display": "85", "missing_lines": 6, "excluded_lines": 0, "percent_statements_covered": 84.61538461538461, "percent_statements_covered_display": "85"}, "missing_lines": [28, 29, 35, 49, 54, 55], "excluded_lines": [], "functions": {"BudgetManagerAgent.__init__": {"executed_lines": [20, 21, 22], "summary": {"covered_lines": 3, "num_statements": 3, "percent_covered": 100.0, "percent_covered_display": "100", "missing_lines": 0, "excluded_lines": 0, "percent_statements_covered": 100.0, "percent_statements_covered_display": "100"}, "missing_lines": [], "excluded_lines": [], "start_line": 19}, "BudgetManagerAgent.execute": {"executed_lines": [25, 26, 27, 31, 32, 33, 34, 44, 45, 47, 48, 50, 51, 53, 57, 58, 60], "summary": {"covered_lines": 17, "num_statements": 23, "percent_covered": 73.91304347826087, "percent_covered_display": "74", "missing_lines": 6, "excluded_lines": 0, "percent_statements_covered": 73.91304347826087, "percent_statements_covered_display": "74"}, "missing_lines": [28, 29, 35, 49, 54, 55], "excluded_lines": [], "start_line": 24}, "BudgetManagerAgent._status": {"executed_lines": [63], "summary": {"covered_lines": 1, "num_statements": 1, "percent_covered": 100.0, "percent_covered_display": "100", "missing_lines": 0, "excluded_lines": 0, "percent_statements_covered": 100.0, "percent_statements_covered_display": "100"}, "missing_lines": [], "excluded_lines": [], "start_line": 62}, "": {"executed_lines": [3, 5, 7, 8, 11, 14, 15, 16, 17, 19, 24, 62], "summary": {"covered_lines": 12, "num_statements": 12, "percent_covered": 100.0, "percent_covered_display": "100", "missing_lines": 0, "excluded_lines": 0, "percent_statements_covered": 100.0, "percent_statements_covered_display": "100"}, "missing_lines": [], "excluded_lines": [], "start_line": 1}}, "classes": {"BudgetManagerAgent": {"executed_lines": [20, 21, 22, 25, 26, 27, 31, 32, 33, 34, 44, 45, 47, 48, 50, 51, 53, 57, 58, 60, 63], "summary": {"covered_lines": 21, "num_statements": 27, "percent_covered": 77.77777777777777, "percent_covered_display": "78", "missing_lines": 6, "excluded_lines": 0, "percent_statements_covered": 77.77777777777777, "percent_statements_covered_display": "78"}, "missing_lines": [28, 29, 35, 49, 54, 55], "excluded_lines": [], "start_line": 11}, "": {"executed_lines": [3, 5, 7, 8, 11, 14, 15, 16, 17, 19, 24, 62], "summary": {"covered_lines": 12, "num_statements": 12, "percent_covered": 100.0, "percent_covered_display": "100", "missing_lines": 0, "excluded_lines": 0, "percent_statements_covered": 100.0, "percent_statements_covered_display": "100"}, "missing_lines": [], "excluded_lines": [], "start_line": 1}}}, "src/geosupply/agents/dashboard_agents.py": {"executed_lines": [2, 4, 5, 6, 8, 9, 11, 14, 15, 16, 17, 19, 20, 21, 22, 23, 24, 31, 32, 33, 44, 45, 46, 47, 49, 50, 51, 52, 53, 54, 55, 56, 72, 73, 74, 85, 86, 87, 88, 90, 91, 92, 93, 94, 95, 96, 97, 111, 112, 113], "summary": {"covered_lines": 50, "num_statements": 58, "percent_covered": 86.20689655172414, "percent_covered_display": "86", "missing_lines": 8, "excluded_lines": 0, "percent_statements_covered": 86.20689655172414, "percent_statements_covered_display": "86"}, "missing_lines": [27, 62, 101, 103, 104, 106, 109, 110], "excluded_lines": [], "functions": {"MetricPullAgent.execute": {"executed_lines": [20, 21, 22, 23, 24, 31, 32, 33], "summary": {"covered_lines": 8, "num_statements": 9, "percent_covered": 88.88888888888889, "percent_covered_display": "89", "missing_lines": 1, "excluded_lines": 0, "percent_statements_covered": 88.88888888888889, "percent_statements_covered_display": "89"}, "missing_lines": [27], "excluded_lines": [], "start_line": 19}, "AlertRenderAgent.execute": {"executed_lines": [50, 51, 52, 53, 54, 55, 56, 72, 73, 74], "summary": {"covered_lines": 10, "num_statements": 11, "percent_covered": 90.9090909090909, "percent_covered_display": "91", "missing_lines": 1, "excluded_lines": 0, "percent_statements_covered": 90.9090909090909, "percent_statements_covered_display": "91"}, "missing_lines": [62], "excluded_lines": [], "start_line": 49}, "KPIUpdateAgent.execute": {"executed_lines": [91, 92, 93, 94, 95, 96, 97, 111, 112, 113], "summary": {"covered_lines": 10, "num_statements": 16, "percent_covered": 62.5, "percent_covered_display": "62", "missing_lines": 6, "excluded_lines": 0, "percent_statements_covered": 62.5, "percent_statements_covered_display": "62"}, "missing_lines": [101, 103, 104, 106, 109, 110], "excluded_lines": [], "start_line": 90}, "": {"executed_lines": [2, 4, 5, 6, 8, 9, 11, 14, 15, 16, 17, 19, 44, 45, 46, 47, 49, 85, 86, 87, 88, 90], "summary": {"covered_lines": 22, "num_statements": 22, "percent_covered": 100.0, "percent_covered_display": "100", "missing_lines": 0, "excluded_lines": 0, "percent_statements_covered": 100.0, "percent_statements_covered_display": "100"}, "missing_lines": [], "excluded_lines": [], "start_line": 1}}, "classes": {"MetricPullAgent": {"executed_lines": [20, 21, 22, 23, 24, 31, 32, 33], "summary": {"covered_lines": 8, "num_statements": 9, "percent_covered": 88.88888888888889, "percent_covered_display": "89", "missing_lines": 1, "excluded_lines": 0, "percent_statements_covered": 88.88888888888889, "percent_statements_covered_display": "89"}, "missing_lines": [27], "excluded_lines": [], "start_line": 14}, "AlertRenderAgent": {"executed_lines": [50, 51, 52, 53, 54, 55, 56, 72, 73, 74], "summary": {"covered_lines": 10, "num_statements": 11, "percent_covered": 90.9090909090909, "percent_covered_display": "91", "missing_lines": 1, "excluded_lines": 0, "percent_statements_covered": 90.9090909090909, "percent_statements_covered_display": "91"}, "missing_lines": [62], "excluded_lines": [], "start_line": 44}, "KPIUpdateAgent": {"executed_lines": [91, 92, 93, 94, 95, 96, 97, 111, 112, 113], "summary": {"covered_lines": 10, "num_statements": 16, "percent_covered": 62.5, "percent_covered_display": "62", "missing_lines": 6, "excluded_lines": 0, "percent_statements_covered": 62.5, "percent_statements_covered_display": "62"}, "missing_lines": [101, 103, 104, 106, 109, 110], "excluded_lines": [], "start_line": 85}, "": {"executed_lines": [2, 4, 5, 6, 8, 9, 11, 14, 15, 16, 17, 19, 44, 45, 46, 47, 49, 85, 86, 87, 88, 90], "summary": {"covered_lines": 22, "num_statements": 22, "percent_covered": 100.0, "percent_covered_display": "100", "missing_lines": 0, "excluded_lines": 0, "percent_statements_covered": 100.0, "percent_statements_covered_display": "100"}, "missing_lines": [], "excluded_lines": [], "start_line": 1}}}, "src/geosupply/agents/dev_agents.py": {"executed_lines": [2, 4, 5, 6, 7, 8, 9, 10, 12, 13, 15, 18, 19, 20, 21, 23, 24, 25, 26, 27, 28, 29, 30, 31, 32, 33, 34, 35, 36, 43, 58, 59, 60, 61, 63, 64, 65, 66, 67, 68, 69, 70, 75, 76, 77, 84, 99, 100, 101, 102, 104, 105, 106, 107, 108, 109, 110, 111, 112], "summary": {"covered_lines": 59, "num_statements": 85, "percent_covered": 69.41176470588235, "percent_covered_display": "69", "missing_lines": 26, "excluded_lines": 0, "percent_statements_covered": 69.41176470588235, "percent_statements_covered_display": "69"}, "missing_lines": [37, 38, 39, 40, 41, 42, 78, 79, 80, 81, 82, 83, 113, 114, 120, 121, 122, 123, 124, 125, 126, 127, 128, 129, 130, 131], "excluded_lines": [], "functions": {"SchemaMigrateAgent.execute": {"executed_lines": [24, 25, 26, 27, 28, 29, 30, 31, 32, 33, 34, 35, 36, 43], "summary": {"covered_lines": 14, "num_statements": 20, "percent_covered": 70.0, "percent_covered_display": "70", "missing_lines": 6, "excluded_lines": 0, "percent_statements_covered": 70.0, "percent_statements_covered_display": "70"}, "missing_lines": [37, 38, 39, 40, 41, 42], "excluded_lines": [], "start_line": 23}, "LintCheckAgent.execute": {"executed_lines": [64, 65, 66, 67, 68, 69, 70, 75, 76, 77, 84], "summary": {"covered_lines": 11, "num_statements": 17, "percent_covered": 64.70588235294117, "percent_covered_display": "65", "missing_lines": 6, "excluded_lines": 0, "percent_statements_covered": 64.70588235294117, "percent_statements_covered_display": "65"}, "missing_lines": [78, 79, 80, 81, 82, 83], "excluded_lines": [], "start_line": 63}, "TestRunAgent.execute": {"executed_lines": [105, 106, 107, 108, 109, 110, 111, 112], "summary": {"covered_lines": 8, "num_statements": 22, "percent_covered": 36.36363636363637, "percent_covered_display": "36", "missing_lines": 14, "excluded_lines": 0, "percent_statements_covered": 36.36363636363637, "percent_statements_covered_display": "36"}, "missing_lines": [113, 114, 120, 121, 122, 123, 124, 125, 126, 127, 128, 129, 130, 131], "excluded_lines": [], "start_line": 104}, "": {"executed_lines": [2, 4, 5, 6, 7, 8, 9, 10, 12, 13, 15, 18, 19, 20, 21, 23, 58, 59, 60, 61, 63, 99, 100, 101, 102, 104], "summary": {"covered_lines": 26, "num_statements": 26, "percent_covered": 100.0, "percent_covered_display": "100", "missing_lines": 0, "excluded_lines": 0, "percent_statements_covered": 100.0, "percent_statements_covered_display": "100"}, "missing_lines": [], "excluded_lines": [], "start_line": 1}}, "classes": {"SchemaMigrateAgent": {"executed_lines": [24, 25, 26, 27, 28, 29, 30, 31, 32, 33, 34, 35, 36, 43], "summary": {"covered_lines": 14, "num_statements": 20, "percent_covered": 70.0, "percent_covered_display": "70", "missing_lines": 6, "excluded_lines": 0, "percent_statements_covered": 70.0, "percent_statements_covered_display": "70"}, "missing_lines": [37, 38, 39, 40, 41, 42], "excluded_lines": [], "start_line": 18}, "LintCheckAgent": {"executed_lines": [64, 65, 66, 67, 68, 69, 70, 75, 76, 77, 84], "summary": {"covered_lines": 11, "num_statements": 17, "percent_covered": 64.70588235294117, "percent_covered_display": "65", "missing_lines": 6, "excluded_lines": 0, "percent_statements_covered": 64.70588235294117, "percent_statements_covered_display": "65"}, "missing_lines": [78, 79, 80, 81, 82, 83], "excluded_lines": [], "start_line": 58}, "TestRunAgent": {"executed_lines": [105, 106, 107, 108, 109, 110, 111, 112], "summary": {"covered_lines": 8, "num_statements": 22, "percent_covered": 36.36363636363637, "percent_covered_display": "36", "missing_lines": 14, "excluded_lines": 0, "percent_statements_covered": 36.36363636363637, "percent_statements_covered_display": "36"}, "missing_lines": [113, 114, 120, 121, 122, 123, 124, 125, 126, 127, 128, 129, 130, 131], "excluded_lines": [], "start_line": 99}, "": {"executed_lines": [2, 4, 5, 6, 7, 8, 9, 10, 12, 13, 15, 18, 19, 20, 21, 23, 58, 59, 60, 61, 63, 99, 100, 101, 102, 104], "summary": {"covered_lines": 26, "num_statements": 26, "percent_covered": 100.0, "percent_covered_display": "100", "missing_lines": 0, "excluded_lines": 0, "percent_statements_covered": 100.0, "percent_statements_covered_display": "100"}, "missing_lines": [], "excluded_lines": [], "start_line": 1}}}, "src/geosupply/agents/dr_agents.py": {"executed_lines": [2, 4, 5, 6, 7, 8, 10, 11, 13, 16, 17, 18, 19, 21, 22, 23, 24, 25, 26, 27, 28, 29, 30, 34, 49, 50, 51, 52, 54, 55, 56, 57, 58, 59, 60, 61, 72, 73, 74, 90, 91, 92, 93, 95, 96, 97, 98, 99, 100, 101, 102, 103, 104, 106, 108, 109, 110, 111, 122, 123, 124, 125, 127, 128, 129, 130], "summary": {"covered_lines": 66, "num_statements": 73, "percent_covered": 90.41095890410959, "percent_covered_display": "90", "missing_lines": 7, "excluded_lines": 0, "percent_statements_covered": 90.41095890410959, "percent_statements_covered_display": "90"}, "missing_lines": [31, 32, 33, 69, 70, 71, 107], "excluded_lines": [], "functions": {"BackupAgent.execute": {"executed_lines": [22, 23, 24, 25, 26, 27, 28, 29, 30, 34], "summary": {"covered_lines": 10, "num_statements": 13, "percent_covered": 76.92307692307692, "percent_covered_display": "77", "missing_lines": 3, "excluded_lines": 0, "percent_statements_covered": 76.92307692307692, "percent_statements_covered_display": "77"}, "missing_lines": [31, 32, 33], "excluded_lines": [], "start_line": 21}, "CostProjectionAgent.execute": {"executed_lines": [55, 56, 57, 58, 59, 60, 61, 72, 73, 74], "summary": {"covered_lines": 10, "num_statements": 13, "percent_covered": 76.92307692307692, "percent_covered_display": "77", "missing_lines": 3, "excluded_lines": 0, "percent_statements_covered": 76.92307692307692, "percent_statements_covered_display": "77"}, "missing_lines": [69, 70, 71], "excluded_lines": [], "start_line": 54}, "RestoreAgent.execute": {"executed_lines": [96, 97, 98, 99, 100, 101, 102, 103, 104, 106, 108, 109, 110, 111], "summary": {"covered_lines": 14, "num_statements": 15, "percent_covered": 93.33333333333333, "percent_covered_display": "93", "missing_lines": 1, "excluded_lines": 0, "percent_statements_covered": 93.33333333333333, "percent_statements_covered_display": "93"}, "missing_lines": [107], "excluded_lines": [], "start_line": 95}, "FailoverAgent.execute": {"executed_lines": [128, 129, 130], "summary": {"covered_lines": 3, "num_statements": 3, "percent_covered": 100.0, "percent_covered_display": "100", "missing_lines": 0, "excluded_lines": 0, "percent_statements_covered": 100.0, "percent_statements_covered_display": "100"}, "missing_lines": [], "excluded_lines": [], "start_line": 127}, "": {"executed_lines": [2, 4, 5, 6, 7, 8, 10, 11, 13, 16, 17, 18, 19, 21, 49, 50, 51, 52, 54, 90, 91, 92, 93, 95, 122, 123, 124, 125, 127], "summary": {"covered_lines": 29, "num_statements": 29, "percent_covered": 100.0, "percent_covered_display": "100", "missing_lines": 0, "excluded_lines": 0, "percent_statements_covered": 100.0, "percent_statements_covered_display": "100"}, "missing_lines": [], "excluded_lines": [], "start_line": 1}}, "classes": {"BackupAgent": {"executed_lines": [22, 23, 24, 25, 26, 27, 28, 29, 30, 34], "summary": {"covered_lines": 10, "num_statements": 13, "percent_covered": 76.92307692307692, "percent_covered_display": "77", "missing_lines": 3, "excluded_lines": 0, "percent_statements_covered": 76.92307692307692, "percent_statements_covered_display": "77"}, "missing_lines": [31, 32, 33], "excluded_lines": [], "start_line": 16}, "CostProjectionAgent": {"executed_lines": [55, 56, 57, 58, 59, 60, 61, 72, 73, 74], "summary": {"covered_lines": 10, "num_statements": 13, "percent_covered": 76.92307692307692, "percent_covered_display": "77", "missing_lines": 3, "excluded_lines": 0, "percent_statements_covered": 76.92307692307692, "percent_statements_covered_display": "77"}, "missing_lines": [69, 70, 71], "excluded_lines": [], "start_line": 49}, "RestoreAgent": {"executed_lines": [96, 97, 98, 99, 100, 101, 102, 103, 104, 106, 108, 109, 110, 111], "summary": {"covered_lines": 14, "num_statements": 15, "percent_covered": 93.33333333333333, "percent_covered_display": "93", "missing_lines": 1, "excluded_lines": 0, "percent_statements_covered": 93.33333333333333, "percent_statements_covered_display": "93"}, "missing_lines": [107], "excluded_lines": [], "start_line": 90}, "FailoverAgent": {"executed_lines": [128, 129, 130], "summary": {"covered_lines": 3, "num_statements": 3, "percent_covered": 100.0, "percent_covered_display": "100", "missing_lines": 0, "excluded_lines": 0, "percent_statements_covered": 100.0, "percent_statements_covered_display": "100"}, "missing_lines": [], "excluded_lines": [], "start_line": 122}, "": {"executed_lines": [2, 4, 5, 6, 7, 8, 10, 11, 13, 16, 17, 18, 19, 21, 49, 50, 51, 52, 54, 90, 91, 92, 93, 95, 122, 123, 124, 125, 127], "summary": {"covered_lines": 29, "num_statements": 29, "percent_covered": 100.0, "percent_covered_display": "100", "missing_lines": 0, "excluded_lines": 0, "percent_statements_covered": 100.0, "percent_statements_covered_display": "100"}, "missing_lines": [], "excluded_lines": [], "start_line": 1}}}, "src/geosupply/agents/fact_check_agent.py": {"executed_lines": [11, 13, 14, 16, 17, 18, 20, 23, 26, 33, 34, 36, 37, 38, 40, 41, 42, 44, 45, 46, 48, 49, 52, 69, 70, 71, 72, 74, 75, 76, 77, 79, 80, 82, 83, 84, 85, 86, 87, 89, 94, 104, 105, 106, 107, 109, 110, 115, 118, 119, 120, 121, 122, 124, 125, 127, 130, 131, 133, 143, 144, 145, 146, 151, 153, 163, 165, 166, 168, 169, 174, 175, 176, 177, 178, 179, 180, 182, 184, 198, 199, 211, 212, 213], "summary": {"covered_lines": 84, "num_statements": 86, "percent_covered": 97.67441860465117, "percent_covered_display": "98", "missing_lines": 2, "excluded_lines": 0, "percent_statements_covered": 97.67441860465117, "percent_statements_covered_display": "98"}, "missing_lines": [43, 123], "excluded_lines": [], "functions": {"_score_evidence": {"executed_lines": [33, 34, 36, 37, 38, 40, 41, 42, 44, 45, 46, 48, 49], "summary": {"covered_lines": 13, "num_statements": 14, "percent_covered": 92.85714285714286, "percent_covered_display": "93", "missing_lines": 1, "excluded_lines": 0, "percent_statements_covered": 92.85714285714286, "percent_statements_covered_display": "93"}, "missing_lines": [43], "excluded_lines": [], "start_line": 26}, "FactCheckAgent.__init__": {"executed_lines": [75, 76, 77], "summary": {"covered_lines": 3, "num_statements": 3, "percent_covered": 100.0, "percent_covered_display": "100", "missing_lines": 0, "excluded_lines": 0, "percent_statements_covered": 100.0, "percent_statements_covered_display": "100"}, "missing_lines": [], "excluded_lines": [], "start_line": 74}, "FactCheckAgent.execute": {"executed_lines": [80, 82, 83, 84, 85, 86, 87, 89], "summary": {"covered_lines": 8, "num_statements": 8, "percent_covered": 100.0, "percent_covered_display": "100", "missing_lines": 0, "excluded_lines": 0, "percent_statements_covered": 100.0, "percent_statements_covered_display": "100"}, "missing_lines": [], "excluded_lines": [], "start_line": 79}, "FactCheckAgent._handle_fact_check": {"executed_lines": [104, 105, 106, 107, 109, 110, 115, 118, 119, 120, 121, 122, 124, 125, 127, 130, 131, 133, 143, 144, 145, 146, 151, 153], "summary": {"covered_lines": 24, "num_statements": 25, "percent_covered": 96.0, "percent_covered_display": "96", "missing_lines": 1, "excluded_lines": 0, "percent_statements_covered": 96.0, "percent_statements_covered_display": "96"}, "missing_lines": [123], "excluded_lines": [], "start_line": 94}, "FactCheckAgent._handle_batch_check": {"executed_lines": [165, 166, 168, 169, 174, 175, 176, 177, 178, 179, 180, 182, 184], "summary": {"covered_lines": 13, "num_statements": 13, "percent_covered": 100.0, "percent_covered_display": "100", "missing_lines": 0, "excluded_lines": 0, "percent_statements_covered": 100.0, "percent_statements_covered_display": "100"}, "missing_lines": [], "excluded_lines": [], "start_line": 163}, "FactCheckAgent._handle_health": {"executed_lines": [199], "summary": {"covered_lines": 1, "num_statements": 1, "percent_covered": 100.0, "percent_covered_display": "100", "missing_lines": 0, "excluded_lines": 0, "percent_statements_covered": 100.0, "percent_statements_covered_display": "100"}, "missing_lines": [], "excluded_lines": [], "start_line": 198}, "FactCheckAgent.stats": {"executed_lines": [213], "summary": {"covered_lines": 1, "num_statements": 1, "percent_covered": 100.0, "percent_covered_display": "100", "missing_lines": 0, "excluded_lines": 0, "percent_statements_covered": 100.0, "percent_statements_covered_display": "100"}, "missing_lines": [], "excluded_lines": [], "start_line": 212}, "": {"executed_lines": [11, 13, 14, 16, 17, 18, 20, 23, 26, 52, 69, 70, 71, 72, 74, 79, 94, 163, 198, 211, 212], "summary": {"covered_lines": 21, "num_statements": 21, "percent_covered": 100.0, "percent_covered_display": "100", "missing_lines": 0, "excluded_lines": 0, "percent_statements_covered": 100.0, "percent_statements_covered_display": "100"}, "missing_lines": [], "excluded_lines": [], "start_line": 1}}, "classes": {"FactCheckAgent": {"executed_lines": [75, 76, 77, 80, 82, 83, 84, 85, 86, 87, 89, 104, 105, 106, 107, 109, 110, 115, 118, 119, 120, 121, 122, 124, 125, 127, 130, 131, 133, 143, 144, 145, 146, 151, 153, 165, 166, 168, 169, 174, 175, 176, 177, 178, 179, 180, 182, 184, 199, 213], "summary": {"covered_lines": 50, "num_statements": 51, "percent_covered": 98.03921568627452, "percent_covered_display": "98", "missing_lines": 1, "excluded_lines": 0, "percent_statements_covered": 98.03921568627452, "percent_statements_covered_display": "98"}, "missing_lines": [123], "excluded_lines": [], "start_line": 52}, "": {"executed_lines": [11, 13, 14, 16, 17, 18, 20, 23, 26, 33, 34, 36, 37, 38, 40, 41, 42, 44, 45, 46, 48, 49, 52, 69, 70, 71, 72, 74, 79, 94, 163, 198, 211, 212], "summary": {"covered_lines": 34, "num_statements": 35, "percent_covered": 97.14285714285714, "percent_covered_display": "97", "missing_lines": 1, "excluded_lines": 0, "percent_statements_covered": 97.14285714285714, "percent_statements_covered_display": "97"}, "missing_lines": [43], "excluded_lines": [], "start_line": 1}}}, "src/geosupply/agents/health_check_agent.py": {"executed_lines": [10, 12, 13, 14, 15, 17, 18, 20, 23, 38, 39, 40, 41, 43, 44, 45, 47, 48, 49, 50, 51, 53, 55, 56, 58, 60, 62, 69, 70, 71, 72, 74, 75, 76, 77, 78, 83, 84, 92, 95, 96, 97, 98, 99, 100, 102, 104, 114, 116, 117, 119, 120, 124, 126, 128, 129, 130, 135, 136, 137, 142, 147, 148, 149], "summary": {"covered_lines": 64, "num_statements": 66, "percent_covered": 96.96969696969697, "percent_covered_display": "97", "missing_lines": 2, "excluded_lines": 0, "percent_statements_covered": 96.96969696969697, "percent_statements_covered_display": "97"}, "missing_lines": [85, 86], "excluded_lines": [], "functions": {"HealthCheckAgent.__init__": {"executed_lines": [48, 49, 50, 51], "summary": {"covered_lines": 4, "num_statements": 4, "percent_covered": 100.0, "percent_covered_display": "100", "missing_lines": 0, "excluded_lines": 0, "percent_statements_covered": 100.0, "percent_statements_covered_display": "100"}, "missing_lines": [], "excluded_lines": [], "start_line": 47}, "HealthCheckAgent.register_agent": {"executed_lines": [55, 56], "summary": {"covered_lines": 2, "num_statements": 2, "percent_covered": 100.0, "percent_covered_display": "100", "missing_lines": 0, "excluded_lines": 0, "percent_statements_covered": 100.0, "percent_statements_covered_display": "100"}, "missing_lines": [], "excluded_lines": [], "start_line": 53}, "HealthCheckAgent.unregister_agent": {"executed_lines": [60], "summary": {"covered_lines": 1, "num_statements": 1, "percent_covered": 100.0, "percent_covered_display": "100", "missing_lines": 0, "excluded_lines": 0, "percent_statements_covered": 100.0, "percent_statements_covered_display": "100"}, "missing_lines": [], "excluded_lines": [], "start_line": 58}, "HealthCheckAgent.check": {"executed_lines": [69, 70, 71, 72, 74, 75, 76, 77, 78, 83, 84, 92, 95, 96, 97, 98, 99, 100, 102, 104, 114, 116, 117, 119, 120], "summary": {"covered_lines": 25, "num_statements": 27, "percent_covered": 92.5925925925926, "percent_covered_display": "93", "missing_lines": 2, "excluded_lines": 0, "percent_statements_covered": 92.5925925925926, "percent_statements_covered_display": "93"}, "missing_lines": [85, 86], "excluded_lines": [], "start_line": 62}, "HealthCheckAgent.execute": {"executed_lines": [126, 128, 129, 130, 135, 136, 137, 142], "summary": {"covered_lines": 8, "num_statements": 8, "percent_covered": 100.0, "percent_covered_display": "100", "missing_lines": 0, "excluded_lines": 0, "percent_statements_covered": 100.0, "percent_statements_covered_display": "100"}, "missing_lines": [], "excluded_lines": [], "start_line": 124}, "HealthCheckAgent.stats": {"executed_lines": [149], "summary": {"covered_lines": 1, "num_statements": 1, "percent_covered": 100.0, "percent_covered_display": "100", "missing_lines": 0, "excluded_lines": 0, "percent_statements_covered": 100.0, "percent_statements_covered_display": "100"}, "missing_lines": [], "excluded_lines": [], "start_line": 148}, "": {"executed_lines": [10, 12, 13, 14, 15, 17, 18, 20, 23, 38, 39, 40, 41, 43, 44, 45, 47, 53, 58, 62, 124, 147, 148], "summary": {"covered_lines": 23, "num_statements": 23, "percent_covered": 100.0, "percent_covered_display": "100", "missing_lines": 0, "excluded_lines": 0, "percent_statements_covered": 100.0, "percent_statements_covered_display": "100"}, "missing_lines": [], "excluded_lines": [], "start_line": 1}}, "classes": {"HealthCheckAgent": {"executed_lines": [48, 49, 50, 51, 55, 56, 60, 69, 70, 71, 72, 74, 75, 76, 77, 78, 83, 84, 92, 95, 96, 97, 98, 99, 100, 102, 104, 114, 116, 117, 119, 120, 126, 128, 129, 130, 135, 136, 137, 142, 149], "summary": {"covered_lines": 41, "num_statements": 43, "percent_covered": 95.34883720930233, "percent_covered_display": "95", "missing_lines": 2, "excluded_lines": 0, "percent_statements_covered": 95.34883720930233, "percent_statements_covered_display": "95"}, "missing_lines": [85, 86], "excluded_lines": [], "start_line": 23}, "": {"executed_lines": [10, 12, 13, 14, 15, 17, 18, 20, 23, 38, 39, 40, 41, 43, 44, 45, 47, 53, 58, 62, 124, 147, 148], "summary": {"covered_lines": 23, "num_statements": 23, "percent_covered": 100.0, "percent_covered_display": "100", "missing_lines": 0, "excluded_lines": 0, "percent_statements_covered": 100.0, "percent_statements_covered_display": "100"}, "missing_lines": [], "excluded_lines": [], "start_line": 1}}}, "src/geosupply/agents/india_agents.py": {"executed_lines": [2, 4, 5, 6, 8, 10, 13, 14, 15, 16, 18, 19, 20, 21, 22, 25, 36, 37, 38, 39, 41, 42, 43, 44, 45, 48, 59, 60, 61, 62, 64, 65, 66, 67, 68, 71, 82, 83, 84, 85, 87, 88, 89, 90, 91, 92, 96, 97, 101, 102, 105, 109], "summary": {"covered_lines": 52, "num_statements": 52, "percent_covered": 100.0, "percent_covered_display": "100", "missing_lines": 0, "excluded_lines": 0, "percent_statements_covered": 100.0, "percent_statements_covered_display": "100"}, "missing_lines": [], "excluded_lines": [], "functions": {"IndiaPortAgent.execute": {"executed_lines": [19, 20, 21, 22, 25], "summary": {"covered_lines": 5, "num_statements": 5, "percent_covered": 100.0, "percent_covered_display": "100", "missing_lines": 0, "excluded_lines": 0, "percent_statements_covered": 100.0, "percent_statements_covered_display": "100"}, "missing_lines": [], "excluded_lines": [], "start_line": 18}, "IndiaMonsoonAgent.execute": {"executed_lines": [42, 43, 44, 45, 48], "summary": {"covered_lines": 5, "num_statements": 5, "percent_covered": 100.0, "percent_covered_display": "100", "missing_lines": 0, "excluded_lines": 0, "percent_statements_covered": 100.0, "percent_statements_covered_display": "100"}, "missing_lines": [], "excluded_lines": [], "start_line": 41}, "IndiaULIPAgent.execute": {"executed_lines": [65, 66, 67, 68, 71], "summary": {"covered_lines": 5, "num_statements": 5, "percent_covered": 100.0, "percent_covered_display": "100", "missing_lines": 0, "excluded_lines": 0, "percent_statements_covered": 100.0, "percent_statements_covered_display": "100"}, "missing_lines": [], "excluded_lines": [], "start_line": 64}, "IndiaPoliticalAgent.execute": {"executed_lines": [88, 89, 90, 91, 92, 96, 97, 101, 102, 105, 109], "summary": {"covered_lines": 11, "num_statements": 11, "percent_covered": 100.0, "percent_covered_display": "100", "missing_lines": 0, "excluded_lines": 0, "percent_statements_covered": 100.0, "percent_statements_covered_display": "100"}, "missing_lines": [], "excluded_lines": [], "start_line": 87}, "": {"executed_lines": [2, 4, 5, 6, 8, 10, 13, 14, 15, 16, 18, 36, 37, 38, 39, 41, 59, 60, 61, 62, 64, 82, 83, 84, 85, 87], "summary": {"covered_lines": 26, "num_statements": 26, "percent_covered": 100.0, "percent_covered_display": "100", "missing_lines": 0, "excluded_lines": 0, "percent_statements_covered": 100.0, "percent_statements_covered_display": "100"}, "missing_lines": [], "excluded_lines": [], "start_line": 1}}, "classes": {"IndiaPortAgent": {"executed_lines": [19, 20, 21, 22, 25], "summary": {"covered_lines": 5, "num_statements": 5, "percent_covered": 100.0, "percent_covered_display": "100", "missing_lines": 0, "excluded_lines": 0, "percent_statements_covered": 100.0, "percent_statements_covered_display": "100"}, "missing_lines": [], "excluded_lines": [], "start_line": 13}, "IndiaMonsoonAgent": {"executed_lines": [42, 43, 44, 45, 48], "summary": {"covered_lines": 5, "num_statements": 5, "percent_covered": 100.0, "percent_covered_display": "100", "missing_lines": 0, "excluded_lines": 0, "percent_statements_covered": 100.0, "percent_statements_covered_display": "100"}, "missing_lines": [], "excluded_lines": [], "start_line": 36}, "IndiaULIPAgent": {"executed_lines": [65, 66, 67, 68, 71], "summary": {"covered_lines": 5, "num_statements": 5, "percent_covered": 100.0, "percent_covered_display": "100", "missing_lines": 0, "excluded_lines": 0, "percent_statements_covered": 100.0, "percent_statements_covered_display": "100"}, "missing_lines": [], "excluded_lines": [], "start_line": 59}, "IndiaPoliticalAgent": {"executed_lines": [88, 89, 90, 91, 92, 96, 97, 101, 102, 105, 109], "summary": {"covered_lines": 11, "num_statements": 11, "percent_covered": 100.0, "percent_covered_display": "100", "missing_lines": 0, "excluded_lines": 0, "percent_statements_covered": 100.0, "percent_statements_covered_display": "100"}, "missing_lines": [], "excluded_lines": [], "start_line": 82}, "": {"executed_lines": [2, 4, 5, 6, 8, 10, 13, 14, 15, 16, 18, 36, 37, 38, 39, 41, 59, 60, 61, 62, 64, 82, 83, 84, 85, 87], "summary": {"covered_lines": 26, "num_statements": 26, "percent_covered": 100.0, "percent_covered_display": "100", "missing_lines": 0, "excluded_lines": 0, "percent_statements_covered": 100.0, "percent_statements_covered_display": "100"}, "missing_lines": [], "excluded_lines": [], "start_line": 1}}}, "src/geosupply/agents/ingestion_agents.py": {"executed_lines": [2, 4, 5, 7, 9, 12, 13, 14, 15, 17, 18, 19, 20, 21, 22, 33, 34, 35, 36, 38, 39, 40, 41, 42, 43, 54, 55, 56, 57, 59, 60, 61, 62, 63, 64, 75, 76, 77, 78, 80, 81, 82, 83, 84, 85], "summary": {"covered_lines": 45, "num_statements": 45, "percent_covered": 100.0, "percent_covered_display": "100", "missing_lines": 0, "excluded_lines": 0, "percent_statements_covered": 100.0, "percent_statements_covered_display": "100"}, "missing_lines": [], "excluded_lines": [], "functions": {"NewsAgent.execute": {"executed_lines": [18, 19, 20, 21, 22], "summary": {"covered_lines": 5, "num_statements": 5, "percent_covered": 100.0, "percent_covered_display": "100", "missing_lines": 0, "excluded_lines": 0, "percent_statements_covered": 100.0, "percent_statements_covered_display": "100"}, "missing_lines": [], "excluded_lines": [], "start_line": 17}, "IndiaAPIAgent.execute": {"executed_lines": [39, 40, 41, 42, 43], "summary": {"covered_lines": 5, "num_statements": 5, "percent_covered": 100.0, "percent_covered_display": "100", "missing_lines": 0, "excluded_lines": 0, "percent_statements_covered": 100.0, "percent_statements_covered_display": "100"}, "missing_lines": [], "excluded_lines": [], "start_line": 38}, "TelegramAgent.execute": {"executed_lines": [60, 61, 62, 63, 64], "summary": {"covered_lines": 5, "num_statements": 5, "percent_covered": 100.0, "percent_covered_display": "100", "missing_lines": 0, "excluded_lines": 0, "percent_statements_covered": 100.0, "percent_statements_covered_display": "100"}, "missing_lines": [], "excluded_lines": [], "start_line": 59}, "AISAgent.execute": {"executed_lines": [81, 82, 83, 84, 85], "summary": {"covered_lines": 5, "num_statements": 5, "percent_covered": 100.0, "percent_covered_display": "100", "missing_lines": 0, "excluded_lines": 0, "percent_statements_covered": 100.0, "percent_statements_covered_display": "100"}, "missing_lines": [], "excluded_lines": [], "start_line": 80}, "": {"executed_lines": [2, 4, 5, 7, 9, 12, 13, 14, 15, 17, 33, 34, 35, 36, 38, 54, 55, 56, 57, 59, 75, 76, 77, 78, 80], "summary": {"covered_lines": 25, "num_statements": 25, "percent_covered": 100.0, "percent_covered_display": "100", "missing_lines": 0, "excluded_lines": 0, "percent_statements_covered": 100.0, "percent_statements_covered_display": "100"}, "missing_lines": [], "excluded_lines": [], "start_line": 1}}, "classes": {"NewsAgent": {"executed_lines": [18, 19, 20, 21, 22], "summary": {"covered_lines": 5, "num_statements": 5, "percent_covered": 100.0, "percent_covered_display": "100", "missing_lines": 0, "excluded_lines": 0, "percent_statements_covered": 100.0, "percent_statements_covered_display": "100"}, "missing_lines": [], "excluded_lines": [], "start_line": 12}, "IndiaAPIAgent": {"executed_lines": [39, 40, 41, 42, 43], "summary": {"covered_lines": 5, "num_statements": 5, "percent_covered": 100.0, "percent_covered_display": "100", "missing_lines": 0, "excluded_lines": 0, "percent_statements_covered": 100.0, "percent_statements_covered_display": "100"}, "missing_lines": [], "excluded_lines": [], "start_line": 33}, "TelegramAgent": {"executed_lines": [60, 61, 62, 63, 64], "summary": {"covered_lines": 5, "num_statements": 5, "percent_covered": 100.0, "percent_covered_display": "100", "missing_lines": 0, "excluded_lines": 0, "percent_statements_covered": 100.0, "percent_statements_covered_display": "100"}, "missing_lines": [], "excluded_lines": [], "start_line": 54}, "AISAgent": {"executed_lines": [81, 82, 83, 84, 85], "summary": {"covered_lines": 5, "num_statements": 5, "percent_covered": 100.0, "percent_covered_display": "100", "missing_lines": 0, "excluded_lines": 0, "percent_statements_covered": 100.0, "percent_statements_covered_display": "100"}, "missing_lines": [], "excluded_lines": [], "start_line": 75}, "": {"executed_lines": [2, 4, 5, 7, 9, 12, 13, 14, 15, 17, 33, 34, 35, 36, 38, 54, 55, 56, 57, 59, 75, 76, 77, 78, 80], "summary": {"covered_lines": 25, "num_statements": 25, "percent_covered": 100.0, "percent_covered_display": "100", "missing_lines": 0, "excluded_lines": 0, "percent_statements_covered": 100.0, "percent_statements_covered_display": "100"}, "missing_lines": [], "excluded_lines": [], "start_line": 1}}}, "src/geosupply/agents/intel_agents.py": {"executed_lines": [2, 4, 5, 7, 9, 12, 13, 14, 15, 17, 18, 19, 20, 21, 22, 33, 34, 35, 36, 38, 39, 40, 41, 42, 43, 54, 55, 56, 57, 59, 60, 61, 62, 63, 64, 75, 76, 77, 78, 80, 81, 82, 83, 84, 85, 96, 97, 98, 99, 101, 102, 103, 104, 105, 106], "summary": {"covered_lines": 55, "num_statements": 55, "percent_covered": 100.0, "percent_covered_display": "100", "missing_lines": 0, "excluded_lines": 0, "percent_statements_covered": 100.0, "percent_statements_covered_display": "100"}, "missing_lines": [], "excluded_lines": [], "functions": {"SupplierAgent.execute": {"executed_lines": [18, 19, 20, 21, 22], "summary": {"covered_lines": 5, "num_statements": 5, "percent_covered": 100.0, "percent_covered_display": "100", "missing_lines": 0, "excluded_lines": 0, "percent_statements_covered": 100.0, "percent_statements_covered_display": "100"}, "missing_lines": [], "excluded_lines": [], "start_line": 17}, "SanctionsAgent.execute": {"executed_lines": [39, 40, 41, 42, 43], "summary": {"covered_lines": 5, "num_statements": 5, "percent_covered": 100.0, "percent_covered_display": "100", "missing_lines": 0, "excluded_lines": 0, "percent_statements_covered": 100.0, "percent_statements_covered_display": "100"}, "missing_lines": [], "excluded_lines": [], "start_line": 38}, "CyberAgent.execute": {"executed_lines": [60, 61, 62, 63, 64], "summary": {"covered_lines": 5, "num_statements": 5, "percent_covered": 100.0, "percent_covered_display": "100", "missing_lines": 0, "excluded_lines": 0, "percent_statements_covered": 100.0, "percent_statements_covered_display": "100"}, "missing_lines": [], "excluded_lines": [], "start_line": 59}, "VerifierAgent.execute": {"executed_lines": [81, 82, 83, 84, 85], "summary": {"covered_lines": 5, "num_statements": 5, "percent_covered": 100.0, "percent_covered_display": "100", "missing_lines": 0, "excluded_lines": 0, "percent_statements_covered": 100.0, "percent_statements_covered_display": "100"}, "missing_lines": [], "excluded_lines": [], "start_line": 80}, "AuthorAgent.execute": {"executed_lines": [102, 103, 104, 105, 106], "summary": {"covered_lines": 5, "num_statements": 5, "percent_covered": 100.0, "percent_covered_display": "100", "missing_lines": 0, "excluded_lines": 0, "percent_statements_covered": 100.0, "percent_statements_covered_display": "100"}, "missing_lines": [], "excluded_lines": [], "start_line": 101}, "": {"executed_lines": [2, 4, 5, 7, 9, 12, 13, 14, 15, 17, 33, 34, 35, 36, 38, 54, 55, 56, 57, 59, 75, 76, 77, 78, 80, 96, 97, 98, 99, 101], "summary": {"covered_lines": 30, "num_statements": 30, "percent_covered": 100.0, "percent_covered_display": "100", "missing_lines": 0, "excluded_lines": 0, "percent_statements_covered": 100.0, "percent_statements_covered_display": "100"}, "missing_lines": [], "excluded_lines": [], "start_line": 1}}, "classes": {"SupplierAgent": {"executed_lines": [18, 19, 20, 21, 22], "summary": {"covered_lines": 5, "num_statements": 5, "percent_covered": 100.0, "percent_covered_display": "100", "missing_lines": 0, "excluded_lines": 0, "percent_statements_covered": 100.0, "percent_statements_covered_display": "100"}, "missing_lines": [], "excluded_lines": [], "start_line": 12}, "SanctionsAgent": {"executed_lines": [39, 40, 41, 42, 43], "summary": {"covered_lines": 5, "num_statements": 5, "percent_covered": 100.0, "percent_covered_display": "100", "missing_lines": 0, "excluded_lines": 0, "percent_statements_covered": 100.0, "percent_statements_covered_display": "100"}, "missing_lines": [], "excluded_lines": [], "start_line": 33}, "CyberAgent": {"executed_lines": [60, 61, 62, 63, 64], "summary": {"covered_lines": 5, "num_statements": 5, "percent_covered": 100.0, "percent_covered_display": "100", "missing_lines": 0, "excluded_lines": 0, "percent_statements_covered": 100.0, "percent_statements_covered_display": "100"}, "missing_lines": [], "excluded_lines": [], "start_line": 54}, "VerifierAgent": {"executed_lines": [81, 82, 83, 84, 85], "summary": {"covered_lines": 5, "num_statements": 5, "percent_covered": 100.0, "percent_covered_display": "100", "missing_lines": 0, "excluded_lines": 0, "percent_statements_covered": 100.0, "percent_statements_covered_display": "100"}, "missing_lines": [], "excluded_lines": [], "start_line": 75}, "AuthorAgent": {"executed_lines": [102, 103, 104, 105, 106], "summary": {"covered_lines": 5, "num_statements": 5, "percent_covered": 100.0, "percent_covered_display": "100", "missing_lines": 0, "excluded_lines": 0, "percent_statements_covered": 100.0, "percent_statements_covered_display": "100"}, "missing_lines": [], "excluded_lines": [], "start_line": 96}, "": {"executed_lines": [2, 4, 5, 7, 9, 12, 13, 14, 15, 17, 33, 34, 35, 36, 38, 54, 55, 56, 57, 59, 75, 76, 77, 78, 80, 96, 97, 98, 99, 101], "summary": {"covered_lines": 30, "num_statements": 30, "percent_covered": 100.0, "percent_covered_display": "100", "missing_lines": 0, "excluded_lines": 0, "percent_statements_covered": 100.0, "percent_statements_covered_display": "100"}, "missing_lines": [], "excluded_lines": [], "start_line": 1}}}, "src/geosupply/agents/knowledge_graph_agent.py": {"executed_lines": [15, 17, 18, 19, 20, 21, 22, 24, 30, 32, 46, 51, 54, 57, 59, 66, 67, 68, 69, 70, 72, 73, 75, 77, 78, 87, 103, 104, 105, 106, 108, 109, 111, 113, 115, 117, 119, 120, 122, 123, 125, 135, 143, 168, 170, 171, 172, 173, 174, 175, 176, 178, 180, 181, 199, 201, 202, 203, 205, 206, 207, 209, 210, 211, 212, 213, 214, 216, 218, 219, 220, 221, 222, 223, 224, 226, 228, 229, 230, 231, 235, 237, 238, 239, 240, 241, 242, 244, 250, 252, 253, 254, 259, 271, 272, 273, 275, 276, 277, 278, 279, 281, 282, 287, 288, 290, 300, 301, 302, 303, 304, 309, 310, 311, 316, 317, 318, 324, 329, 330, 331], "summary": {"covered_lines": 121, "num_statements": 157, "percent_covered": 77.07006369426752, "percent_covered_display": "77", "missing_lines": 36, "excluded_lines": 0, "percent_statements_covered": 77.07006369426752, "percent_statements_covered_display": "77"}, "missing_lines": [127, 128, 129, 130, 131, 132, 133, 137, 138, 139, 140, 141, 145, 146, 147, 150, 151, 152, 153, 155, 156, 157, 158, 159, 160, 161, 162, 163, 164, 182, 183, 184, 195, 196, 197, 243], "excluded_lines": [], "functions": {"KGTriple.__init__": {"executed_lines": [66, 67, 68, 69, 70], "summary": {"covered_lines": 5, "num_statements": 5, "percent_covered": 100.0, "percent_covered_display": "100", "missing_lines": 0, "excluded_lines": 0, "percent_statements_covered": 100.0, "percent_statements_covered_display": "100"}, "missing_lines": [], "excluded_lines": [], "start_line": 59}, "KGTriple.dedup_key": {"executed_lines": [75], "summary": {"covered_lines": 1, "num_statements": 1, "percent_covered": 100.0, "percent_covered_display": "100", "missing_lines": 0, "excluded_lines": 0, "percent_statements_covered": 100.0, "percent_statements_covered_display": "100"}, "missing_lines": [], "excluded_lines": [], "start_line": 73}, "KGTriple.to_dict": {"executed_lines": [78], "summary": {"covered_lines": 1, "num_statements": 1, "percent_covered": 100.0, "percent_covered_display": "100", "missing_lines": 0, "excluded_lines": 0, "percent_statements_covered": 100.0, "percent_statements_covered_display": "100"}, "missing_lines": [], "excluded_lines": [], "start_line": 77}, "KnowledgeGraphAgent.__init__": {"executed_lines": [109, 111, 113, 115, 117, 119, 120, 122, 123], "summary": {"covered_lines": 9, "num_statements": 9, "percent_covered": 100.0, "percent_covered_display": "100", "missing_lines": 0, "excluded_lines": 0, "percent_statements_covered": 100.0, "percent_statements_covered_display": "100"}, "missing_lines": [], "excluded_lines": [], "start_line": 108}, "KnowledgeGraphAgent.setup": {"executed_lines": [], "summary": {"covered_lines": 0, "num_statements": 7, "percent_covered": 0.0, "percent_covered_display": "0", "missing_lines": 7, "excluded_lines": 0, "percent_statements_covered": 0.0, "percent_statements_covered_display": "0"}, "missing_lines": [127, 128, 129, 130, 131, 132, 133], "excluded_lines": [], "start_line": 125}, "KnowledgeGraphAgent.teardown": {"executed_lines": [], "summary": {"covered_lines": 0, "num_statements": 5, "percent_covered": 0.0, "percent_covered_display": "0", "missing_lines": 5, "excluded_lines": 0, "percent_statements_covered": 0.0, "percent_statements_covered_display": "0"}, "missing_lines": [137, 138, 139, 140, 141], "excluded_lines": [], "start_line": 135}, "KnowledgeGraphAgent._load_from_db": {"executed_lines": [], "summary": {"covered_lines": 0, "num_statements": 17, "percent_covered": 0.0, "percent_covered_display": "0", "missing_lines": 17, "excluded_lines": 0, "percent_statements_covered": 0.0, "percent_statements_covered_display": "0"}, "missing_lines": [145, 146, 147, 150, 151, 152, 153, 155, 156, 157, 158, 159, 160, 161, 162, 163, 164], "excluded_lines": [], "start_line": 143}, "KnowledgeGraphAgent._is_duplicate": {"executed_lines": [170, 171, 172, 173, 174, 175, 176], "summary": {"covered_lines": 7, "num_statements": 7, "percent_covered": 100.0, "percent_covered_display": "100", "missing_lines": 0, "excluded_lines": 0, "percent_statements_covered": 100.0, "percent_statements_covered_display": "100"}, "missing_lines": [], "excluded_lines": [], "start_line": 168}, "KnowledgeGraphAgent._persist_edge": {"executed_lines": [180, 181], "summary": {"covered_lines": 2, "num_statements": 8, "percent_covered": 25.0, "percent_covered_display": "25", "missing_lines": 6, "excluded_lines": 0, "percent_statements_covered": 25.0, "percent_statements_covered_display": "25"}, "missing_lines": [182, 183, 184, 195, 196, 197], "excluded_lines": [], "start_line": 178}, "KnowledgeGraphAgent._write_triple": {"executed_lines": [201, 202, 203, 205, 206, 207, 209, 210, 211, 212, 213, 214], "summary": {"covered_lines": 12, "num_statements": 12, "percent_covered": 100.0, "percent_covered_display": "100", "missing_lines": 0, "excluded_lines": 0, "percent_statements_covered": 100.0, "percent_statements_covered_display": "100"}, "missing_lines": [], "excluded_lines": [], "start_line": 199}, "KnowledgeGraphAgent._flush_buffer": {"executed_lines": [218, 219, 220, 221, 222, 223, 224], "summary": {"covered_lines": 7, "num_statements": 7, "percent_covered": 100.0, "percent_covered_display": "100", "missing_lines": 0, "excluded_lines": 0, "percent_statements_covered": 100.0, "percent_statements_covered_display": "100"}, "missing_lines": [], "excluded_lines": [], "start_line": 216}, "KnowledgeGraphAgent._buffer_or_flush": {"executed_lines": [228, 229, 230, 231], "summary": {"covered_lines": 4, "num_statements": 4, "percent_covered": 100.0, "percent_covered_display": "100", "missing_lines": 0, "excluded_lines": 0, "percent_statements_covered": 100.0, "percent_statements_covered_display": "100"}, "missing_lines": [], "excluded_lines": [], "start_line": 226}, "KnowledgeGraphAgent._query_neighbours": {"executed_lines": [237, 238, 239, 240, 241, 242, 244, 250], "summary": {"covered_lines": 8, "num_statements": 9, "percent_covered": 88.88888888888889, "percent_covered_display": "89", "missing_lines": 1, "excluded_lines": 0, "percent_statements_covered": 88.88888888888889, "percent_statements_covered_display": "89"}, "missing_lines": [243], "excluded_lines": [], "start_line": 235}, "KnowledgeGraphAgent._stats": {"executed_lines": [253, 254, 259], "summary": {"covered_lines": 3, "num_statements": 3, "percent_covered": 100.0, "percent_covered_display": "100", "missing_lines": 0, "excluded_lines": 0, "percent_statements_covered": 100.0, "percent_statements_covered_display": "100"}, "missing_lines": [], "excluded_lines": [], "start_line": 252}, "KnowledgeGraphAgent.execute": {"executed_lines": [272, 273, 275, 276, 277, 278, 279, 281, 282, 287, 288, 290, 300, 301, 302, 303, 304, 309, 310, 311, 316, 317, 318, 324], "summary": {"covered_lines": 24, "num_statements": 24, "percent_covered": 100.0, "percent_covered_display": "100", "missing_lines": 0, "excluded_lines": 0, "percent_statements_covered": 100.0, "percent_statements_covered_display": "100"}, "missing_lines": [], "excluded_lines": [], "start_line": 271}, "KnowledgeGraphAgent.__repr__": {"executed_lines": [330, 331], "summary": {"covered_lines": 2, "num_statements": 2, "percent_covered": 100.0, "percent_covered_display": "100", "missing_lines": 0, "excluded_lines": 0, "percent_statements_covered": 100.0, "percent_statements_covered_display": "100"}, "missing_lines": [], "excluded_lines": [], "start_line": 329}, "": {"executed_lines": [15, 17, 18, 19, 20, 21, 22, 24, 30, 32, 46, 51, 54, 57, 59, 72, 73, 77, 87, 103, 104, 105, 106, 108, 125, 135, 143, 168, 178, 199, 216, 226, 235, 252, 271, 329], "summary": {"covered_lines": 36, "num_statements": 36, "percent_covered": 100.0, "percent_covered_display": "100", "missing_lines": 0, "excluded_lines": 0, "percent_statements_covered": 100.0, "percent_statements_covered_display": "100"}, "missing_lines": [], "excluded_lines": [], "start_line": 1}}, "classes": {"KGTriple": {"executed_lines": [66, 67, 68, 69, 70, 75, 78], "summary": {"covered_lines": 7, "num_statements": 7, "percent_covered": 100.0, "percent_covered_display": "100", "missing_lines": 0, "excluded_lines": 0, "percent_statements_covered": 100.0, "percent_statements_covered_display": "100"}, "missing_lines": [], "excluded_lines": [], "start_line": 54}, "KnowledgeGraphAgent": {"executed_lines": [109, 111, 113, 115, 117, 119, 120, 122, 123, 170, 171, 172, 173, 174, 175, 176, 180, 181, 201, 202, 203, 205, 206, 207, 209, 210, 211, 212, 213, 214, 218, 219, 220, 221, 222, 223, 224, 228, 229, 230, 231, 237, 238, 239, 240, 241, 242, 244, 250, 253, 254, 259, 272, 273, 275, 276, 277, 278, 279, 281, 282, 287, 288, 290, 300, 301, 302, 303, 304, 309, 310, 311, 316, 317, 318, 324, 330, 331], "summary": {"covered_lines": 78, "num_statements": 114, "percent_covered": 68.42105263157895, "percent_covered_display": "68", "missing_lines": 36, "excluded_lines": 0, "percent_statements_covered": 68.42105263157895, "percent_statements_covered_display": "68"}, "missing_lines": [127, 128, 129, 130, 131, 132, 133, 137, 138, 139, 140, 141, 145, 146, 147, 150, 151, 152, 153, 155, 156, 157, 158, 159, 160, 161, 162, 163, 164, 182, 183, 184, 195, 196, 197, 243], "excluded_lines": [], "start_line": 87}, "": {"executed_lines": [15, 17, 18, 19, 20, 21, 22, 24, 30, 32, 46, 51, 54, 57, 59, 72, 73, 77, 87, 103, 104, 105, 106, 108, 125, 135, 143, 168, 178, 199, 216, 226, 235, 252, 271, 329], "summary": {"covered_lines": 36, "num_statements": 36, "percent_covered": 100.0, "percent_covered_display": "100", "missing_lines": 0, "excluded_lines": 0, "percent_statements_covered": 100.0, "percent_statements_covered_display": "100"}, "missing_lines": [], "excluded_lines": [], "start_line": 1}}}, "src/geosupply/agents/logging_agent.py": {"executed_lines": [10, 12, 13, 14, 15, 16, 17, 19, 20, 21, 23, 26, 27, 28, 29, 30, 31, 35, 49, 56, 62, 75, 76, 77, 78, 80, 81, 82, 83, 84, 86, 87, 88, 89, 90, 91, 92, 94, 96, 97, 98, 99, 100, 101, 102, 104, 106, 107, 108, 109, 113, 129, 130, 132, 133, 135, 136, 149, 150, 151, 152, 154, 155, 156, 158, 160, 171, 180, 181, 183, 184, 186, 187, 188, 189, 190, 191, 192, 193, 194, 196, 197, 198, 200, 201, 202, 206, 208, 210, 211, 219, 224, 225, 231, 236, 241, 242, 243], "summary": {"covered_lines": 98, "num_statements": 98, "percent_covered": 100.0, "percent_covered_display": "100", "missing_lines": 0, "excluded_lines": 0, "percent_statements_covered": 100.0, "percent_statements_covered_display": "100"}, "missing_lines": [], "excluded_lines": [], "functions": {"LoggingAgent.__init__": {"executed_lines": [87, 88, 89, 90, 91, 92], "summary": {"covered_lines": 6, "num_statements": 6, "percent_covered": 100.0, "percent_covered_display": "100", "missing_lines": 0, "excluded_lines": 0, "percent_statements_covered": 100.0, "percent_statements_covered_display": "100"}, "missing_lines": [], "excluded_lines": [], "start_line": 86}, "LoggingAgent.setup": {"executed_lines": [96, 97, 98, 99, 100, 101, 102], "summary": {"covered_lines": 7, "num_statements": 7, "percent_covered": 100.0, "percent_covered_display": "100", "missing_lines": 0, "excluded_lines": 0, "percent_statements_covered": 100.0, "percent_statements_covered_display": "100"}, "missing_lines": [], "excluded_lines": [], "start_line": 94}, "LoggingAgent.teardown": {"executed_lines": [106, 107, 108, 109], "summary": {"covered_lines": 4, "num_statements": 4, "percent_covered": 100.0, "percent_covered_display": "100", "missing_lines": 0, "excluded_lines": 0, "percent_statements_covered": 100.0, "percent_statements_covered_display": "100"}, "missing_lines": [], "excluded_lines": [], "start_line": 104}, "LoggingAgent.log": {"executed_lines": [129, 130, 132, 133, 135, 136, 149, 150, 151, 152, 154, 155, 156], "summary": {"covered_lines": 13, "num_statements": 13, "percent_covered": 100.0, "percent_covered_display": "100", "missing_lines": 0, "excluded_lines": 0, "percent_statements_covered": 100.0, "percent_statements_covered_display": "100"}, "missing_lines": [], "excluded_lines": [], "start_line": 113}, "LoggingAgent.handle_event": {"executed_lines": [160], "summary": {"covered_lines": 1, "num_statements": 1, "percent_covered": 100.0, "percent_covered_display": "100", "missing_lines": 0, "excluded_lines": 0, "percent_statements_covered": 100.0, "percent_statements_covered_display": "100"}, "missing_lines": [], "excluded_lines": [], "start_line": 158}, "LoggingAgent.query": {"executed_lines": [180, 181, 183, 184, 186, 187, 188, 189, 190, 191, 192, 193, 194, 196, 197, 198, 200, 201, 202], "summary": {"covered_lines": 19, "num_statements": 19, "percent_covered": 100.0, "percent_covered_display": "100", "missing_lines": 0, "excluded_lines": 0, "percent_statements_covered": 100.0, "percent_statements_covered_display": "100"}, "missing_lines": [], "excluded_lines": [], "start_line": 171}, "LoggingAgent.execute": {"executed_lines": [208, 210, 211, 219, 224, 225, 231, 236], "summary": {"covered_lines": 8, "num_statements": 8, "percent_covered": 100.0, "percent_covered_display": "100", "missing_lines": 0, "excluded_lines": 0, "percent_statements_covered": 100.0, "percent_statements_covered_display": "100"}, "missing_lines": [], "excluded_lines": [], "start_line": 206}, "LoggingAgent.stats": {"executed_lines": [243], "summary": {"covered_lines": 1, "num_statements": 1, "percent_covered": 100.0, "percent_covered_display": "100", "missing_lines": 0, "excluded_lines": 0, "percent_statements_covered": 100.0, "percent_statements_covered_display": "100"}, "missing_lines": [], "excluded_lines": [], "start_line": 242}, "": {"executed_lines": [10, 12, 13, 14, 15, 16, 17, 19, 20, 21, 23, 26, 27, 28, 29, 30, 31, 35, 49, 56, 62, 75, 76, 77, 78, 80, 81, 82, 83, 84, 86, 94, 104, 113, 158, 171, 206, 241, 242], "summary": {"covered_lines": 39, "num_statements": 39, "percent_covered": 100.0, "percent_covered_display": "100", "missing_lines": 0, "excluded_lines": 0, "percent_statements_covered": 100.0, "percent_statements_covered_display": "100"}, "missing_lines": [], "excluded_lines": [], "start_line": 1}}, "classes": {"Severity": {"executed_lines": [], "summary": {"covered_lines": 0, "num_statements": 0, "percent_covered": 100.0, "percent_covered_display": "100", "missing_lines": 0, "excluded_lines": 0, "percent_statements_covered": 100.0, "percent_statements_covered_display": "100"}, "missing_lines": [], "excluded_lines": [], "start_line": 26}, "LoggingAgent": {"executed_lines": [87, 88, 89, 90, 91, 92, 96, 97, 98, 99, 100, 101, 102, 106, 107, 108, 109, 129, 130, 132, 133, 135, 136, 149, 150, 151, 152, 154, 155, 156, 160, 180, 181, 183, 184, 186, 187, 188, 189, 190, 191, 192, 193, 194, 196, 197, 198, 200, 201, 202, 208, 210, 211, 219, 224, 225, 231, 236, 243], "summary": {"covered_lines": 59, "num_statements": 59, "percent_covered": 100.0, "percent_covered_display": "100", "missing_lines": 0, "excluded_lines": 0, "percent_statements_covered": 100.0, "percent_statements_covered_display": "100"}, "missing_lines": [], "excluded_lines": [], "start_line": 62}, "": {"executed_lines": [10, 12, 13, 14, 15, 16, 17, 19, 20, 21, 23, 26, 27, 28, 29, 30, 31, 35, 49, 56, 62, 75, 76, 77, 78, 80, 81, 82, 83, 84, 86, 94, 104, 113, 158, 171, 206, 241, 242], "summary": {"covered_lines": 39, "num_statements": 39, "percent_covered": 100.0, "percent_covered_display": "100", "missing_lines": 0, "excluded_lines": 0, "percent_statements_covered": 100.0, "percent_statements_covered_display": "100"}, "missing_lines": [], "excluded_lines": [], "start_line": 1}}}, "src/geosupply/agents/loophole_agents.py": {"executed_lines": [2, 4, 5, 7, 9, 12, 13, 14, 15, 17, 18, 19, 20, 21, 22, 33, 34, 35, 36, 38, 39, 40, 41, 42, 45, 56, 57, 58, 59, 61, 62, 63, 64, 65, 66], "summary": {"covered_lines": 35, "num_statements": 35, "percent_covered": 100.0, "percent_covered_display": "100", "missing_lines": 0, "excluded_lines": 0, "percent_statements_covered": 100.0, "percent_statements_covered_display": "100"}, "missing_lines": [], "excluded_lines": [], "functions": {"LoopholeHunterAgent.execute": {"executed_lines": [18, 19, 20, 21, 22], "summary": {"covered_lines": 5, "num_statements": 5, "percent_covered": 100.0, "percent_covered_display": "100", "missing_lines": 0, "excluded_lines": 0, "percent_statements_covered": 100.0, "percent_statements_covered_display": "100"}, "missing_lines": [], "excluded_lines": [], "start_line": 17}, "PenTestAgent.execute": {"executed_lines": [39, 40, 41, 42, 45], "summary": {"covered_lines": 5, "num_statements": 5, "percent_covered": 100.0, "percent_covered_display": "100", "missing_lines": 0, "excluded_lines": 0, "percent_statements_covered": 100.0, "percent_statements_covered_display": "100"}, "missing_lines": [], "excluded_lines": [], "start_line": 38}, "OverrideMonitorAgent.execute": {"executed_lines": [62, 63, 64, 65, 66], "summary": {"covered_lines": 5, "num_statements": 5, "percent_covered": 100.0, "percent_covered_display": "100", "missing_lines": 0, "excluded_lines": 0, "percent_statements_covered": 100.0, "percent_statements_covered_display": "100"}, "missing_lines": [], "excluded_lines": [], "start_line": 61}, "": {"executed_lines": [2, 4, 5, 7, 9, 12, 13, 14, 15, 17, 33, 34, 35, 36, 38, 56, 57, 58, 59, 61], "summary": {"covered_lines": 20, "num_statements": 20, "percent_covered": 100.0, "percent_covered_display": "100", "missing_lines": 0, "excluded_lines": 0, "percent_statements_covered": 100.0, "percent_statements_covered_display": "100"}, "missing_lines": [], "excluded_lines": [], "start_line": 1}}, "classes": {"LoopholeHunterAgent": {"executed_lines": [18, 19, 20, 21, 22], "summary": {"covered_lines": 5, "num_statements": 5, "percent_covered": 100.0, "percent_covered_display": "100", "missing_lines": 0, "excluded_lines": 0, "percent_statements_covered": 100.0, "percent_statements_covered_display": "100"}, "missing_lines": [], "excluded_lines": [], "start_line": 12}, "PenTestAgent": {"executed_lines": [39, 40, 41, 42, 45], "summary": {"covered_lines": 5, "num_statements": 5, "percent_covered": 100.0, "percent_covered_display": "100", "missing_lines": 0, "excluded_lines": 0, "percent_statements_covered": 100.0, "percent_statements_covered_display": "100"}, "missing_lines": [], "excluded_lines": [], "start_line": 33}, "OverrideMonitorAgent": {"executed_lines": [62, 63, 64, 65, 66], "summary": {"covered_lines": 5, "num_statements": 5, "percent_covered": 100.0, "percent_covered_display": "100", "missing_lines": 0, "excluded_lines": 0, "percent_statements_covered": 100.0, "percent_statements_covered_display": "100"}, "missing_lines": [], "excluded_lines": [], "start_line": 56}, "": {"executed_lines": [2, 4, 5, 7, 9, 12, 13, 14, 15, 17, 33, 34, 35, 36, 38, 56, 57, 58, 59, 61], "summary": {"covered_lines": 20, "num_statements": 20, "percent_covered": 100.0, "percent_covered_display": "100", "missing_lines": 0, "excluded_lines": 0, "percent_statements_covered": 100.0, "percent_statements_covered_display": "100"}, "missing_lines": [], "excluded_lines": [], "start_line": 1}}}, "src/geosupply/agents/marketing_agents.py": {"executed_lines": [2, 4, 5, 6, 7, 9, 10, 12, 15, 16, 17, 18, 20, 21, 22, 23, 24, 25, 29, 30, 31, 32, 33, 34, 38, 49, 50, 51, 52, 54, 55, 56, 57, 58, 59, 63, 64, 65, 66, 69, 73, 84, 85, 86, 87, 89, 90, 91, 92, 93, 94, 95, 96, 115, 116, 117, 132, 133, 134, 135, 137, 138, 139, 140, 141, 142, 143, 148, 149, 150, 151, 153, 156, 157, 164, 169], "summary": {"covered_lines": 76, "num_statements": 85, "percent_covered": 89.41176470588235, "percent_covered_display": "89", "missing_lines": 9, "excluded_lines": 0, "percent_statements_covered": 89.41176470588235, "percent_statements_covered_display": "89"}, "missing_lines": [67, 68, 100, 102, 106, 110, 114, 152, 154], "excluded_lines": [], "functions": {"TweetGenAgent.execute": {"executed_lines": [21, 22, 23, 24, 25, 29, 30, 31, 32, 33, 34, 38], "summary": {"covered_lines": 12, "num_statements": 12, "percent_covered": 100.0, "percent_covered_display": "100", "missing_lines": 0, "excluded_lines": 0, "percent_statements_covered": 100.0, "percent_statements_covered_display": "100"}, "missing_lines": [], "excluded_lines": [], "start_line": 20}, "PredictionPostAgent.execute": {"executed_lines": [55, 56, 57, 58, 59, 63, 64, 65, 66, 69, 73], "summary": {"covered_lines": 11, "num_statements": 13, "percent_covered": 84.61538461538461, "percent_covered_display": "85", "missing_lines": 2, "excluded_lines": 0, "percent_statements_covered": 84.61538461538461, "percent_statements_covered_display": "85"}, "missing_lines": [67, 68], "excluded_lines": [], "start_line": 54}, "AnalyticsAgent.execute": {"executed_lines": [90, 91, 92, 93, 94, 95, 96, 115, 116, 117], "summary": {"covered_lines": 10, "num_statements": 15, "percent_covered": 66.66666666666667, "percent_covered_display": "67", "missing_lines": 5, "excluded_lines": 0, "percent_statements_covered": 66.66666666666667, "percent_statements_covered_display": "67"}, "missing_lines": [100, 102, 106, 110, 114], "excluded_lines": [], "start_line": 89}, "ContentGenAgent.execute": {"executed_lines": [138, 139, 140, 141, 142, 143, 148, 149, 150, 151, 153, 156, 157, 164, 169], "summary": {"covered_lines": 15, "num_statements": 17, "percent_covered": 88.23529411764706, "percent_covered_display": "88", "missing_lines": 2, "excluded_lines": 0, "percent_statements_covered": 88.23529411764706, "percent_statements_covered_display": "88"}, "missing_lines": [152, 154], "excluded_lines": [], "start_line": 137}, "": {"executed_lines": [2, 4, 5, 6, 7, 9, 10, 12, 15, 16, 17, 18, 20, 49, 50, 51, 52, 54, 84, 85, 86, 87, 89, 132, 133, 134, 135, 137], "summary": {"covered_lines": 28, "num_statements": 28, "percent_covered": 100.0, "percent_covered_display": "100", "missing_lines": 0, "excluded_lines": 0, "percent_statements_covered": 100.0, "percent_statements_covered_display": "100"}, "missing_lines": [], "excluded_lines": [], "start_line": 1}}, "classes": {"TweetGenAgent": {"executed_lines": [21, 22, 23, 24, 25, 29, 30, 31, 32, 33, 34, 38], "summary": {"covered_lines": 12, "num_statements": 12, "percent_covered": 100.0, "percent_covered_display": "100", "missing_lines": 0, "excluded_lines": 0, "percent_statements_covered": 100.0, "percent_statements_covered_display": "100"}, "missing_lines": [], "excluded_lines": [], "start_line": 15}, "PredictionPostAgent": {"executed_lines": [55, 56, 57, 58, 59, 63, 64, 65, 66, 69, 73], "summary": {"covered_lines": 11, "num_statements": 13, "percent_covered": 84.61538461538461, "percent_covered_display": "85", "missing_lines": 2, "excluded_lines": 0, "percent_statements_covered": 84.61538461538461, "percent_statements_covered_display": "85"}, "missing_lines": [67, 68], "excluded_lines": [], "start_line": 49}, "AnalyticsAgent": {"executed_lines": [90, 91, 92, 93, 94, 95, 96, 115, 116, 117], "summary": {"covered_lines": 10, "num_statements": 15, "percent_covered": 66.66666666666667, "percent_covered_display": "67", "missing_lines": 5, "excluded_lines": 0, "percent_statements_covered": 66.66666666666667, "percent_statements_covered_display": "67"}, "missing_lines": [100, 102, 106, 110, 114], "excluded_lines": [], "start_line": 84}, "ContentGenAgent": {"executed_lines": [138, 139, 140, 141, 142, 143, 148, 149, 150, 151, 153, 156, 157, 164, 169], "summary": {"covered_lines": 15, "num_statements": 17, "percent_covered": 88.23529411764706, "percent_covered_display": "88", "missing_lines": 2, "excluded_lines": 0, "percent_statements_covered": 88.23529411764706, "percent_statements_covered_display": "88"}, "missing_lines": [152, 154], "excluded_lines": [], "start_line": 132}, "": {"executed_lines": [2, 4, 5, 6, 7, 9, 10, 12, 15, 16, 17, 18, 20, 49, 50, 51, 52, 54, 84, 85, 86, 87, 89, 132, 133, 134, 135, 137], "summary": {"covered_lines": 28, "num_statements": 28, "percent_covered": 100.0, "percent_covered_display": "100", "missing_lines": 0, "excluded_lines": 0, "percent_statements_covered": 100.0, "percent_statements_covered_display": "100"}, "missing_lines": [], "excluded_lines": [], "start_line": 1}}}, "src/geosupply/agents/ml_agents.py": {"executed_lines": [2, 4, 5, 6, 8, 10, 13, 14, 15, 16, 18, 19, 20, 21, 22, 23, 24, 25, 26, 27, 42, 43, 44, 45, 47, 48, 49, 50, 51, 52, 56, 57, 58, 61, 65, 80, 81, 82, 83, 85, 86, 87, 88, 89, 90, 91, 92, 94, 95, 96, 97, 98, 109, 110, 111, 112, 114, 115, 116, 117, 118, 119, 120, 121, 122, 124, 127, 128], "summary": {"covered_lines": 68, "num_statements": 70, "percent_covered": 97.14285714285714, "percent_covered_display": "97", "missing_lines": 2, "excluded_lines": 0, "percent_statements_covered": 97.14285714285714, "percent_statements_covered_display": "97"}, "missing_lines": [123, 125], "excluded_lines": [], "functions": {"StressScoreAgent.execute": {"executed_lines": [19, 20, 21, 22, 23, 24, 25, 26, 27], "summary": {"covered_lines": 9, "num_statements": 9, "percent_covered": 100.0, "percent_covered_display": "100", "missing_lines": 0, "excluded_lines": 0, "percent_statements_covered": 100.0, "percent_statements_covered_display": "100"}, "missing_lines": [], "excluded_lines": [], "start_line": 18}, "ConflictPredictAgent.execute": {"executed_lines": [48, 49, 50, 51, 52, 56, 57, 58, 61, 65], "summary": {"covered_lines": 10, "num_statements": 10, "percent_covered": 100.0, "percent_covered_display": "100", "missing_lines": 0, "excluded_lines": 0, "percent_statements_covered": 100.0, "percent_statements_covered_display": "100"}, "missing_lines": [], "excluded_lines": [], "start_line": 47}, "SupplierRankAgent.execute": {"executed_lines": [86, 87, 88, 89, 90, 91, 92, 94, 95, 96, 97, 98], "summary": {"covered_lines": 12, "num_statements": 12, "percent_covered": 100.0, "percent_covered_display": "100", "missing_lines": 0, "excluded_lines": 0, "percent_statements_covered": 100.0, "percent_statements_covered_display": "100"}, "missing_lines": [], "excluded_lines": [], "start_line": 85}, "SanctionClassifyAgent.execute": {"executed_lines": [115, 116, 117, 118, 119, 120, 121, 122, 124, 127, 128], "summary": {"covered_lines": 11, "num_statements": 13, "percent_covered": 84.61538461538461, "percent_covered_display": "85", "missing_lines": 2, "excluded_lines": 0, "percent_statements_covered": 84.61538461538461, "percent_statements_covered_display": "85"}, "missing_lines": [123, 125], "excluded_lines": [], "start_line": 114}, "": {"executed_lines": [2, 4, 5, 6, 8, 10, 13, 14, 15, 16, 18, 42, 43, 44, 45, 47, 80, 81, 82, 83, 85, 109, 110, 111, 112, 114], "summary": {"covered_lines": 26, "num_statements": 26, "percent_covered": 100.0, "percent_covered_display": "100", "missing_lines": 0, "excluded_lines": 0, "percent_statements_covered": 100.0, "percent_statements_covered_display": "100"}, "missing_lines": [], "excluded_lines": [], "start_line": 1}}, "classes": {"StressScoreAgent": {"executed_lines": [19, 20, 21, 22, 23, 24, 25, 26, 27], "summary": {"covered_lines": 9, "num_statements": 9, "percent_covered": 100.0, "percent_covered_display": "100", "missing_lines": 0, "excluded_lines": 0, "percent_statements_covered": 100.0, "percent_statements_covered_display": "100"}, "missing_lines": [], "excluded_lines": [], "start_line": 13}, "ConflictPredictAgent": {"executed_lines": [48, 49, 50, 51, 52, 56, 57, 58, 61, 65], "summary": {"covered_lines": 10, "num_statements": 10, "percent_covered": 100.0, "percent_covered_display": "100", "missing_lines": 0, "excluded_lines": 0, "percent_statements_covered": 100.0, "percent_statements_covered_display": "100"}, "missing_lines": [], "excluded_lines": [], "start_line": 42}, "SupplierRankAgent": {"executed_lines": [86, 87, 88, 89, 90, 91, 92, 94, 95, 96, 97, 98], "summary": {"covered_lines": 12, "num_statements": 12, "percent_covered": 100.0, "percent_covered_display": "100", "missing_lines": 0, "excluded_lines": 0, "percent_statements_covered": 100.0, "percent_statements_covered_display": "100"}, "missing_lines": [], "excluded_lines": [], "start_line": 80}, "SanctionClassifyAgent": {"executed_lines": [115, 116, 117, 118, 119, 120, 121, 122, 124, 127, 128], "summary": {"covered_lines": 11, "num_statements": 13, "percent_covered": 84.61538461538461, "percent_covered_display": "85", "missing_lines": 2, "excluded_lines": 0, "percent_statements_covered": 84.61538461538461, "percent_statements_covered_display": "85"}, "missing_lines": [123, 125], "excluded_lines": [], "start_line": 109}, "": {"executed_lines": [2, 4, 5, 6, 8, 10, 13, 14, 15, 16, 18, 42, 43, 44, 45, 47, 80, 81, 82, 83, 85, 109, 110, 111, 112, 114], "summary": {"covered_lines": 26, "num_statements": 26, "percent_covered": 100.0, "percent_covered_display": "100", "missing_lines": 0, "excluded_lines": 0, "percent_statements_covered": 100.0, "percent_statements_covered_display": "100"}, "missing_lines": [], "excluded_lines": [], "start_line": 1}}}, "src/geosupply/agents/moe_router_agent.py": {"executed_lines": [3, 5, 7, 10, 13, 14, 15, 16, 18, 19, 20, 22, 31, 32, 41, 42, 43, 47, 48, 49, 50, 51, 52, 53, 55, 56], "summary": {"covered_lines": 26, "num_statements": 30, "percent_covered": 86.66666666666667, "percent_covered_display": "87", "missing_lines": 4, "excluded_lines": 0, "percent_statements_covered": 86.66666666666667, "percent_statements_covered_display": "87"}, "missing_lines": [23, 33, 44, 45], "excluded_lines": [], "functions": {"MoERouterAgent.execute": {"executed_lines": [19, 20, 22, 31, 32, 41, 47, 55, 56], "summary": {"covered_lines": 9, "num_statements": 11, "percent_covered": 81.81818181818181, "percent_covered_display": "82", "missing_lines": 2, "excluded_lines": 0, "percent_statements_covered": 81.81818181818181, "percent_statements_covered_display": "82"}, "missing_lines": [23, 33], "excluded_lines": [], "start_line": 18}, "MoERouterAgent.execute._to_float": {"executed_lines": [42, 43], "summary": {"covered_lines": 2, "num_statements": 4, "percent_covered": 50.0, "percent_covered_display": "50", "missing_lines": 2, "excluded_lines": 0, "percent_statements_covered": 50.0, "percent_statements_covered_display": "50"}, "missing_lines": [44, 45], "excluded_lines": [], "start_line": 41}, "MoERouterAgent.execute.score": {"executed_lines": [48, 49, 50, 51, 52, 53], "summary": {"covered_lines": 6, "num_statements": 6, "percent_covered": 100.0, "percent_covered_display": "100", "missing_lines": 0, "excluded_lines": 0, "percent_statements_covered": 100.0, "percent_statements_covered_display": "100"}, "missing_lines": [], "excluded_lines": [], "start_line": 47}, "": {"executed_lines": [3, 5, 7, 10, 13, 14, 15, 16, 18], "summary": {"covered_lines": 9, "num_statements": 9, "percent_covered": 100.0, "percent_covered_display": "100", "missing_lines": 0, "excluded_lines": 0, "percent_statements_covered": 100.0, "percent_statements_covered_display": "100"}, "missing_lines": [], "excluded_lines": [], "start_line": 1}}, "classes": {"MoERouterAgent": {"executed_lines": [19, 20, 22, 31, 32, 41, 42, 43, 47, 48, 49, 50, 51, 52, 53, 55, 56], "summary": {"covered_lines": 17, "num_statements": 21, "percent_covered": 80.95238095238095, "percent_covered_display": "81", "missing_lines": 4, "excluded_lines": 0, "percent_statements_covered": 80.95238095238095, "percent_statements_covered_display": "81"}, "missing_lines": [23, 33, 44, 45], "excluded_lines": [], "start_line": 10}, "": {"executed_lines": [3, 5, 7, 10, 13, 14, 15, 16, 18], "summary": {"covered_lines": 9, "num_statements": 9, "percent_covered": 100.0, "percent_covered_display": "100", "missing_lines": 0, "excluded_lines": 0, "percent_statements_covered": 100.0, "percent_statements_covered_display": "100"}, "missing_lines": [], "excluded_lines": [], "start_line": 1}}}, "src/geosupply/agents/nlp_agents.py": {"executed_lines": [2, 4, 5, 7, 9, 12, 13, 14, 15, 17, 18, 19, 20, 21, 22, 33, 34, 35, 36, 38, 39, 40, 41, 42, 43, 54, 55, 56, 57, 59, 60, 61, 62, 63, 64, 75, 76, 77, 78, 80, 81, 82, 83, 84, 85, 96, 97, 98, 99, 101, 102, 103, 104, 105, 106], "summary": {"covered_lines": 55, "num_statements": 55, "percent_covered": 100.0, "percent_covered_display": "100", "missing_lines": 0, "excluded_lines": 0, "percent_statements_covered": 100.0, "percent_statements_covered_display": "100"}, "missing_lines": [], "excluded_lines": [], "functions": {"SentimentAgent.execute": {"executed_lines": [18, 19, 20, 21, 22], "summary": {"covered_lines": 5, "num_statements": 5, "percent_covered": 100.0, "percent_covered_display": "100", "missing_lines": 0, "excluded_lines": 0, "percent_statements_covered": 100.0, "percent_statements_covered_display": "100"}, "missing_lines": [], "excluded_lines": [], "start_line": 17}, "NERAgent.execute": {"executed_lines": [39, 40, 41, 42, 43], "summary": {"covered_lines": 5, "num_statements": 5, "percent_covered": 100.0, "percent_covered_display": "100", "missing_lines": 0, "excluded_lines": 0, "percent_statements_covered": 100.0, "percent_statements_covered_display": "100"}, "missing_lines": [], "excluded_lines": [], "start_line": 38}, "ClaimAgent.execute": {"executed_lines": [60, 61, 62, 63, 64], "summary": {"covered_lines": 5, "num_statements": 5, "percent_covered": 100.0, "percent_covered_display": "100", "missing_lines": 0, "excluded_lines": 0, "percent_statements_covered": 100.0, "percent_statements_covered_display": "100"}, "missing_lines": [], "excluded_lines": [], "start_line": 59}, "TranslationAgent.execute": {"executed_lines": [81, 82, 83, 84, 85], "summary": {"covered_lines": 5, "num_statements": 5, "percent_covered": 100.0, "percent_covered_display": "100", "missing_lines": 0, "excluded_lines": 0, "percent_statements_covered": 100.0, "percent_statements_covered_display": "100"}, "missing_lines": [], "excluded_lines": [], "start_line": 80}, "PropagandaAgent.execute": {"executed_lines": [102, 103, 104, 105, 106], "summary": {"covered_lines": 5, "num_statements": 5, "percent_covered": 100.0, "percent_covered_display": "100", "missing_lines": 0, "excluded_lines": 0, "percent_statements_covered": 100.0, "percent_statements_covered_display": "100"}, "missing_lines": [], "excluded_lines": [], "start_line": 101}, "": {"executed_lines": [2, 4, 5, 7, 9, 12, 13, 14, 15, 17, 33, 34, 35, 36, 38, 54, 55, 56, 57, 59, 75, 76, 77, 78, 80, 96, 97, 98, 99, 101], "summary": {"covered_lines": 30, "num_statements": 30, "percent_covered": 100.0, "percent_covered_display": "100", "missing_lines": 0, "excluded_lines": 0, "percent_statements_covered": 100.0, "percent_statements_covered_display": "100"}, "missing_lines": [], "excluded_lines": [], "start_line": 1}}, "classes": {"SentimentAgent": {"executed_lines": [18, 19, 20, 21, 22], "summary": {"covered_lines": 5, "num_statements": 5, "percent_covered": 100.0, "percent_covered_display": "100", "missing_lines": 0, "excluded_lines": 0, "percent_statements_covered": 100.0, "percent_statements_covered_display": "100"}, "missing_lines": [], "excluded_lines": [], "start_line": 12}, "NERAgent": {"executed_lines": [39, 40, 41, 42, 43], "summary": {"covered_lines": 5, "num_statements": 5, "percent_covered": 100.0, "percent_covered_display": "100", "missing_lines": 0, "excluded_lines": 0, "percent_statements_covered": 100.0, "percent_statements_covered_display": "100"}, "missing_lines": [], "excluded_lines": [], "start_line": 33}, "ClaimAgent": {"executed_lines": [60, 61, 62, 63, 64], "summary": {"covered_lines": 5, "num_statements": 5, "percent_covered": 100.0, "percent_covered_display": "100", "missing_lines": 0, "excluded_lines": 0, "percent_statements_covered": 100.0, "percent_statements_covered_display": "100"}, "missing_lines": [], "excluded_lines": [], "start_line": 54}, "TranslationAgent": {"executed_lines": [81, 82, 83, 84, 85], "summary": {"covered_lines": 5, "num_statements": 5, "percent_covered": 100.0, "percent_covered_display": "100", "missing_lines": 0, "excluded_lines": 0, "percent_statements_covered": 100.0, "percent_statements_covered_display": "100"}, "missing_lines": [], "excluded_lines": [], "start_line": 75}, "PropagandaAgent": {"executed_lines": [102, 103, 104, 105, 106], "summary": {"covered_lines": 5, "num_statements": 5, "percent_covered": 100.0, "percent_covered_display": "100", "missing_lines": 0, "excluded_lines": 0, "percent_statements_covered": 100.0, "percent_statements_covered_display": "100"}, "missing_lines": [], "excluded_lines": [], "start_line": 96}, "": {"executed_lines": [2, 4, 5, 7, 9, 12, 13, 14, 15, 17, 33, 34, 35, 36, 38, 54, 55, 56, 57, 59, 75, 76, 77, 78, 80, 96, 97, 98, 99, 101], "summary": {"covered_lines": 30, "num_statements": 30, "percent_covered": 100.0, "percent_covered_display": "100", "missing_lines": 0, "excluded_lines": 0, "percent_statements_covered": 100.0, "percent_statements_covered_display": "100"}, "missing_lines": [], "excluded_lines": [], "start_line": 1}}}, "src/geosupply/agents/quality_agents.py": {"executed_lines": [2, 4, 5, 7, 9, 12, 13, 14, 15, 17, 18, 19, 20, 21, 22, 33, 34, 35, 36, 38, 39, 40, 41, 42, 43, 54, 55, 56, 57, 59, 60, 61, 62, 63, 64], "summary": {"covered_lines": 35, "num_statements": 35, "percent_covered": 100.0, "percent_covered_display": "100", "missing_lines": 0, "excluded_lines": 0, "percent_statements_covered": 100.0, "percent_statements_covered_display": "100"}, "missing_lines": [], "excluded_lines": [], "functions": {"NLPAgent.execute": {"executed_lines": [18, 19, 20, 21, 22], "summary": {"covered_lines": 5, "num_statements": 5, "percent_covered": 100.0, "percent_covered_display": "100", "missing_lines": 0, "excluded_lines": 0, "percent_statements_covered": 100.0, "percent_statements_covered_display": "100"}, "missing_lines": [], "excluded_lines": [], "start_line": 17}, "HallucinationAgent.execute": {"executed_lines": [39, 40, 41, 42, 43], "summary": {"covered_lines": 5, "num_statements": 5, "percent_covered": 100.0, "percent_covered_display": "100", "missing_lines": 0, "excluded_lines": 0, "percent_statements_covered": 100.0, "percent_statements_covered_display": "100"}, "missing_lines": [], "excluded_lines": [], "start_line": 38}, "SourceCredAgent.execute": {"executed_lines": [60, 61, 62, 63, 64], "summary": {"covered_lines": 5, "num_statements": 5, "percent_covered": 100.0, "percent_covered_display": "100", "missing_lines": 0, "excluded_lines": 0, "percent_statements_covered": 100.0, "percent_statements_covered_display": "100"}, "missing_lines": [], "excluded_lines": [], "start_line": 59}, "": {"executed_lines": [2, 4, 5, 7, 9, 12, 13, 14, 15, 17, 33, 34, 35, 36, 38, 54, 55, 56, 57, 59], "summary": {"covered_lines": 20, "num_statements": 20, "percent_covered": 100.0, "percent_covered
[...]
es": [], "start_line": 31}, "_base_score": {"executed_lines": [39, 40, 41, 42, 43, 45], "summary": {"covered_lines": 6, "num_statements": 7, "percent_covered": 85.71428571428571, "percent_covered_display": "86", "missing_lines": 1, "excluded_lines": 0, "percent_statements_covered": 85.71428571428571, "percent_statements_covered_display": "86"}, "missing_lines": [44], "excluded_lines": [], "start_line": 37}, "_apply_strikes": {"executed_lines": [50, 51, 56], "summary": {"covered_lines": 3, "num_statements": 6, "percent_covered": 50.0, "percent_covered_display": "50", "missing_lines": 3, "excluded_lines": 0, "percent_statements_covered": 50.0, "percent_statements_covered_display": "50"}, "missing_lines": [52, 53, 55], "excluded_lines": [], "start_line": 48}, "_scan_headline": {"executed_lines": [61, 62, 63, 65], "summary": {"covered_lines": 4, "num_statements": 5, "percent_covered": 80.0, "percent_covered_display": "80", "missing_lines": 1, "excluded_lines": 0, "percent_statements_covered": 80.0, "percent_statements_covered_display": "80"}, "missing_lines": [64], "excluded_lines": [], "start_line": 59}, "SourceCredWorker.process": {"executed_lines": [86, 87, 88, 89, 91, 92, 99, 100, 103, 104, 108, 109, 112, 114, 120], "summary": {"covered_lines": 15, "num_statements": 17, "percent_covered": 88.23529411764706, "percent_covered_display": "88", "missing_lines": 2, "excluded_lines": 0, "percent_statements_covered": 88.23529411764706, "percent_statements_covered_display": "88"}, "missing_lines": [105, 106], "excluded_lines": [], "start_line": 85}, "": {"executed_lines": [3, 5, 6, 8, 9, 12, 19, 25, 27, 28, 31, 37, 48, 59, 68, 78, 79, 80, 81, 82, 83, 85], "summary": {"covered_lines": 22, "num_statements": 22, "percent_covered": 100.0, "percent_covered_display": "100", "missing_lines": 0, "excluded_lines": 0, "percent_statements_covered": 100.0, "percent_statements_covered_display": "100"}, "missing_lines": [], "excluded_lines": [], "start_line": 1}}, "classes": {"SourceCredWorker": {"executed_lines": [86, 87, 88, 89, 91, 92, 99, 100, 103, 104, 108, 109, 112, 114, 120], "summary": {"covered_lines": 15, "num_statements": 17, "percent_covered": 88.23529411764706, "percent_covered_display": "88", "missing_lines": 2, "excluded_lines": 0, "percent_statements_covered": 88.23529411764706, "percent_statements_covered_display": "88"}, "missing_lines": [105, 106], "excluded_lines": [], "start_line": 68}, "": {"executed_lines": [3, 5, 6, 8, 9, 12, 19, 25, 27, 28, 31, 33, 34, 37, 39, 40, 41, 42, 43, 45, 48, 50, 51, 56, 59, 61, 62, 63, 65, 68, 78, 79, 80, 81, 82, 83, 85], "summary": {"covered_lines": 37, "num_statements": 42, "percent_covered": 88.0952380952381, "percent_covered_display": "88", "missing_lines": 5, "excluded_lines": 0, "percent_statements_covered": 88.0952380952381, "percent_statements_covered_display": "88"}, "missing_lines": [44, 52, 53, 55, 64], "excluded_lines": [], "start_line": 1}}}, "src/geosupply/workers/supplier_worker.py": {"executed_lines": [3, 5, 6, 8, 9, 12, 17, 28, 29, 30, 33, 36, 39, 40, 41, 42, 43, 44, 47, 53, 54, 55, 56, 57, 58, 59, 62, 74, 75, 76, 77, 78, 79, 81, 82, 83, 84, 85, 86, 87, 89, 90, 98, 101, 102, 103, 104, 107, 108, 110, 112, 118], "summary": {"covered_lines": 52, "num_statements": 52, "percent_covered": 100.0, "percent_covered_display": "100", "missing_lines": 0, "excluded_lines": 0, "percent_statements_covered": 100.0, "percent_statements_covered_display": "100"}, "missing_lines": [], "excluded_lines": [], "functions": {"_parse_countries": {"executed_lines": [36], "summary": {"covered_lines": 1, "num_statements": 1, "percent_covered": 100.0, "percent_covered_display": "100", "missing_lines": 0, "excluded_lines": 0, "percent_statements_covered": 100.0, "percent_statements_covered_display": "100"}, "missing_lines": [], "excluded_lines": [], "start_line": 33}, "_identify_dependencies": {"executed_lines": [40, 41, 42, 43, 44], "summary": {"covered_lines": 5, "num_statements": 5, "percent_covered": 100.0, "percent_covered_display": "100", "missing_lines": 0, "excluded_lines": 0, "percent_statements_covered": 100.0, "percent_statements_covered_display": "100"}, "missing_lines": [], "excluded_lines": [], "start_line": 39}, "_compute_risk": {"executed_lines": [53, 54, 55, 56, 57, 58, 59], "summary": {"covered_lines": 7, "num_statements": 7, "percent_covered": 100.0, "percent_covered_display": "100", "missing_lines": 0, "excluded_lines": 0, "percent_statements_covered": 100.0, "percent_statements_covered_display": "100"}, "missing_lines": [], "excluded_lines": [], "start_line": 47}, "SupplierWorker.process": {"executed_lines": [82, 83, 84, 85, 86, 87, 89, 90, 98, 101, 102, 103, 104, 107, 108, 110, 112, 118], "summary": {"covered_lines": 18, "num_statements": 18, "percent_covered": 100.0, "percent_covered_display": "100", "missing_lines": 0, "excluded_lines": 0, "percent_statements_covered": 100.0, "percent_statements_covered_display": "100"}, "missing_lines": [], "excluded_lines": [], "start_line": 81}, "": {"executed_lines": [3, 5, 6, 8, 9, 12, 17, 28, 29, 30, 33, 39, 47, 62, 74, 75, 76, 77, 78, 79, 81], "summary": {"covered_lines": 21, "num_statements": 21, "percent_covered": 100.0, "percent_covered_display": "100", "missing_lines": 0, "excluded_lines": 0, "percent_statements_covered": 100.0, "percent_statements_covered_display": "100"}, "missing_lines": [], "excluded_lines": [], "start_line": 1}}, "classes": {"SupplierWorker": {"executed_lines": [82, 83, 84, 85, 86, 87, 89, 90, 98, 101, 102, 103, 104, 107, 108, 110, 112, 118], "summary": {"covered_lines": 18, "num_statements": 18, "percent_covered": 100.0, "percent_covered_display": "100", "missing_lines": 0, "excluded_lines": 0, "percent_statements_covered": 100.0, "percent_statements_covered_display": "100"}, "missing_lines": [], "excluded_lines": [], "start_line": 62}, "": {"executed_lines": [3, 5, 6, 8, 9, 12, 17, 28, 29, 30, 33, 36, 39, 40, 41, 42, 43, 44, 47, 53, 54, 55, 56, 57, 58, 59, 62, 74, 75, 76, 77, 78, 79, 81], "summary": {"covered_lines": 34, "num_statements": 34, "percent_covered": 100.0, "percent_covered_display": "100", "missing_lines": 0, "excluded_lines": 0, "percent_statements_covered": 100.0, "percent_statements_covered_display": "100"}, "missing_lines": [], "excluded_lines": [], "start_line": 1}}}, "src/geosupply/workers/telegram_worker.py": {"executed_lines": [13, 15, 16, 17, 18, 19, 21, 22, 23, 25, 30, 69, 71, 72, 75, 77, 78, 79, 80, 84, 87, 89, 90, 91, 92, 93, 95, 105, 108, 122, 123, 124, 125, 126, 127, 129, 141, 142, 143, 146, 147, 148, 156, 157, 158, 161, 168, 169, 170, 186, 188, 191, 193, 199, 215, 216, 220, 227, 228, 293, 295, 300, 302], "summary": {"covered_lines": 63, "num_statements": 88, "percent_covered": 71.5909090909091, "percent_covered_display": "72", "missing_lines": 25, "excluded_lines": 0, "percent_statements_covered": 71.5909090909091, "percent_statements_covered_display": "72"}, "missing_lines": [233, 234, 235, 236, 240, 242, 243, 244, 246, 247, 252, 254, 255, 256, 257, 263, 265, 266, 268, 269, 270, 271, 272, 273, 291], "excluded_lines": [], "functions": {"_validate_channel_id": {"executed_lines": [77, 78, 79, 80, 84], "summary": {"covered_lines": 5, "num_statements": 5, "percent_covered": 100.0, "percent_covered_display": "100", "missing_lines": 0, "excluded_lines": 0, "percent_statements_covered": 100.0, "percent_statements_covered_display": "100"}, "missing_lines": [], "excluded_lines": [], "start_line": 75}, "_normalise_messages": {"executed_lines": [89, 90, 91, 92, 93, 95, 105], "summary": {"covered_lines": 7, "num_statements": 7, "percent_covered": 100.0, "percent_covered_display": "100", "missing_lines": 0, "excluded_lines": 0, "percent_statements_covered": 100.0, "percent_statements_covered_display": "100"}, "missing_lines": [], "excluded_lines": [], "start_line": 87}, "TelegramWorker.process": {"executed_lines": [141, 142, 143, 146, 147, 148, 156, 157, 158, 161, 168, 169, 170, 186, 188, 191, 193, 199, 215, 216, 220], "summary": {"covered_lines": 21, "num_statements": 21, "percent_covered": 100.0, "percent_covered_display": "100", "missing_lines": 0, "excluded_lines": 0, "percent_statements_covered": 100.0, "percent_statements_covered_display": "100"}, "missing_lines": [], "excluded_lines": [], "start_line": 129}, "TelegramWorker._fetch_messages": {"executed_lines": [], "summary": {"covered_lines": 0, "num_statements": 25, "percent_covered": 0.0, "percent_covered_display": "0", "missing_lines": 25, "excluded_lines": 0, "percent_statements_covered": 0.0, "percent_statements_covered_display": "0"}, "missing_lines": [233, 234, 235, 236, 240, 242, 243, 244, 246, 247, 252, 254, 255, 256, 257, 263, 265, 266, 268, 269, 270, 271, 272, 273, 291], "excluded_lines": [], "start_line": 228}, "TelegramWorker.get_channels_by_category": {"executed_lines": [295], "summary": {"covered_lines": 1, "num_statements": 1, "percent_covered": 100.0, "percent_covered_display": "100", "missing_lines": 0, "excluded_lines": 0, "percent_statements_covered": 100.0, "percent_statements_covered_display": "100"}, "missing_lines": [], "excluded_lines": [], "start_line": 293}, "TelegramWorker.get_channels_by_region": {"executed_lines": [302], "summary": {"covered_lines": 1, "num_statements": 1, "percent_covered": 100.0, "percent_covered_display": "100", "missing_lines": 0, "excluded_lines": 0, "percent_statements_covered": 100.0, "percent_statements_covered_display": "100"}, "missing_lines": [], "excluded_lines": [], "start_line": 300}, "": {"executed_lines": [13, 15, 16, 17, 18, 19, 21, 22, 23, 25, 30, 69, 71, 72, 75, 87, 108, 122, 123, 124, 125, 126, 127, 129, 227, 228, 293, 300], "summary": {"covered_lines": 28, "num_statements": 28, "percent_covered": 100.0, "percent_covered_display": "100", "missing_lines": 0, "excluded_lines": 0, "percent_statements_covered": 100.0, "percent_statements_covered_display": "100"}, "missing_lines": [], "excluded_lines": [], "start_line": 1}}, "classes": {"TelegramWorker": {"executed_lines": [141, 142, 143, 146, 147, 148, 156, 157, 158, 161, 168, 169, 170, 186, 188, 191, 193, 199, 215, 216, 220, 295, 302], "summary": {"covered_lines": 23, "num_statements": 48, "percent_covered": 47.916666666666664, "percent_covered_display": "48", "missing_lines": 25, "excluded_lines": 0, "percent_statements_covered": 47.916666666666664, "percent_statements_covered_display": "48"}, "missing_lines": [233, 234, 235, 236, 240, 242, 243, 244, 246, 247, 252, 254, 255, 256, 257, 263, 265, 266, 268, 269, 270, 271, 272, 273, 291], "excluded_lines": [], "start_line": 108}, "": {"executed_lines": [13, 15, 16, 17, 18, 19, 21, 22, 23, 25, 30, 69, 71, 72, 75, 77, 78, 79, 80, 84, 87, 89, 90, 91, 92, 93, 95, 105, 108, 122, 123, 124, 125, 126, 127, 129, 227, 228, 293, 300], "summary": {"covered_lines": 40, "num_statements": 40, "percent_covered": 100.0, "percent_covered_display": "100", "missing_lines": 0, "excluded_lines": 0, "percent_statements_covered": 100.0, "percent_statements_covered_display": "100"}, "missing_lines": [], "excluded_lines": [], "start_line": 1}}}, "src/geosupply/workers/translation_worker.py": {"executed_lines": [7, 9, 10, 12, 13, 14, 16, 20, 27, 32, 38, 39, 40, 44, 45, 47, 48, 49, 50, 51, 54, 61, 62, 63, 64, 65, 66, 67, 69, 70, 71, 72, 73, 75, 76, 83, 84, 91, 92, 99, 100, 102, 110, 127, 128, 129, 133, 135, 138, 139, 140, 142], "summary": {"covered_lines": 52, "num_statements": 57, "percent_covered": 91.2280701754386, "percent_covered_display": "91", "missing_lines": 5, "excluded_lines": 0, "percent_statements_covered": 91.2280701754386, "percent_statements_covered_display": "91"}, "missing_lines": [41, 46, 103, 111, 136], "excluded_lines": [], "functions": {"_detect_language": {"executed_lines": [39, 40], "summary": {"covered_lines": 2, "num_statements": 3, "percent_covered": 66.66666666666667, "percent_covered_display": "67", "missing_lines": 1, "excluded_lines": 0, "percent_statements_covered": 66.66666666666667, "percent_statements_covered_display": "67"}, "missing_lines": [41], "excluded_lines": [], "start_line": 38}, "_lexicon_translate": {"executed_lines": [45, 47, 48, 49, 50, 51], "summary": {"covered_lines": 6, "num_statements": 7, "percent_covered": 85.71428571428571, "percent_covered_display": "86", "missing_lines": 1, "excluded_lines": 0, "percent_statements_covered": 85.71428571428571, "percent_statements_covered_display": "86"}, "missing_lines": [46], "excluded_lines": [], "start_line": 44}, "TranslationWorker.process": {"executed_lines": [70, 71, 72, 73, 75, 76, 83, 84, 91, 92, 99, 100, 102, 110, 127, 128, 129, 133, 135, 138, 139, 140, 142], "summary": {"covered_lines": 23, "num_statements": 26, "percent_covered": 88.46153846153847, "percent_covered_display": "88", "missing_lines": 3, "excluded_lines": 0, "percent_statements_covered": 88.46153846153847, "percent_statements_covered_display": "88"}, "missing_lines": [103, 111, 136], "excluded_lines": [], "start_line": 69}, "": {"executed_lines": [7, 9, 10, 12, 13, 14, 16, 20, 27, 32, 38, 44, 54, 61, 62, 63, 64, 65, 66, 67, 69], "summary": {"covered_lines": 21, "num_statements": 21, "percent_covered": 100.0, "percent_covered_display": "100", "missing_lines": 0, "excluded_lines": 0, "percent_statements_covered": 100.0, "percent_statements_covered_display": "100"}, "missing_lines": [], "excluded_lines": [], "start_line": 1}}, "classes": {"TranslationWorker": {"executed_lines": [70, 71, 72, 73, 75, 76, 83, 84, 91, 92, 99, 100, 102, 110, 127, 128, 129, 133, 135, 138, 139, 140, 142], "summary": {"covered_lines": 23, "num_statements": 26, "percent_covered": 88.46153846153847, "percent_covered_display": "88", "missing_lines": 3, "excluded_lines": 0, "percent_statements_covered": 88.46153846153847, "percent_statements_covered_display": "88"}, "missing_lines": [103, 111, 136], "excluded_lines": [], "start_line": 54}, "": {"executed_lines": [7, 9, 10, 12, 13, 14, 16, 20, 27, 32, 38, 39, 40, 44, 45, 47, 48, 49, 50, 51, 54, 61, 62, 63, 64, 65, 66, 67, 69], "summary": {"covered_lines": 29, "num_statements": 31, "percent_covered": 93.54838709677419, "percent_covered_display": "94", "missing_lines": 2, "excluded_lines": 0, "percent_statements_covered": 93.54838709677419, "percent_statements_covered_display": "94"}, "missing_lines": [41, 46], "excluded_lines": [], "start_line": 1}}}, "src/geosupply/workers/verifier_worker.py": {"executed_lines": [7, 9, 10, 12, 13, 14, 17, 24, 31, 37, 41, 42, 43, 44, 45, 46, 48, 52, 71, 72, 75, 76, 77, 85, 86, 87, 88, 89, 92, 93, 94, 95, 96, 97, 98, 99, 100, 101, 104, 106, 107, 115, 116, 117, 118, 120, 121, 122, 123, 124, 125, 127, 128, 130, 131, 132, 133, 134, 136, 138, 140, 141, 142, 143, 144, 145, 146, 147, 153, 164, 171, 172, 173, 174, 175, 176, 177, 179, 180, 182, 183, 185, 195, 197, 198, 199, 201, 202, 209, 210, 212, 234, 235, 237], "summary": {"covered_lines": 94, "num_statements": 113, "percent_covered": 83.1858407079646, "percent_covered_display": "83", "missing_lines": 19, "excluded_lines": 0, "percent_statements_covered": 83.1858407079646, "percent_statements_covered_display": "83"}, "missing_lines": [82, 83, 84, 135, 137, 148, 149, 151, 213, 215, 216, 217, 218, 219, 220, 221, 230, 231, 232], "excluded_lines": [], "functions": {"_count_signal": {"executed_lines": [72], "summary": {"covered_lines": 1, "num_statements": 1, "percent_covered": 100.0, "percent_covered_display": "100", "missing_lines": 0, "excluded_lines": 0, "percent_statements_covered": 100.0, "percent_statements_covered_display": "100"}, "missing_lines": [], "excluded_lines": [], "start_line": 71}, "_extract_sources": {"executed_lines": [76, 77, 85, 86, 87, 88, 89], "summary": {"covered_lines": 7, "num_statements": 10, "percent_covered": 70.0, "percent_covered_display": "70", "missing_lines": 3, "excluded_lines": 0, "percent_statements_covered": 70.0, "percent_statements_covered_display": "70"}, "missing_lines": [82, 83, 84], "excluded_lines": [], "start_line": 75}, "_extract_contradictions": {"executed_lines": [93, 94, 95, 96, 97, 98, 99, 100, 101], "summary": {"covered_lines": 9, "num_statements": 9, "percent_covered": 100.0, "percent_covered_display": "100", "missing_lines": 0, "excluded_lines": 0, "percent_statements_covered": 100.0, "percent_statements_covered_display": "100"}, "missing_lines": [], "excluded_lines": [], "start_line": 92}, "_heuristic_verify": {"executed_lines": [106, 107, 115, 116, 117, 118, 120, 121, 122, 123, 124, 125, 127, 128, 130, 131, 132, 133, 134, 136, 138, 140, 141, 142, 143, 144, 145, 146, 147, 153], "summary": {"covered_lines": 30, "num_statements": 35, "percent_covered": 85.71428571428571, "percent_covered_display": "86", "missing_lines": 5, "excluded_lines": 0, "percent_statements_covered": 85.71428571428571, "percent_statements_covered_display": "86"}, "missing_lines": [135, 137, 148, 149, 151], "excluded_lines": [], "start_line": 104}, "VerifierWorker.setup": {"executed_lines": [180], "summary": {"covered_lines": 1, "num_statements": 1, "percent_covered": 100.0, "percent_covered_display": "100", "missing_lines": 0, "excluded_lines": 0, "percent_statements_covered": 100.0, "percent_statements_covered_display": "100"}, "missing_lines": [], "excluded_lines": [], "start_line": 179}, "VerifierWorker.teardown": {"executed_lines": [183], "summary": {"covered_lines": 1, "num_statements": 1, "percent_covered": 100.0, "percent_covered_display": "100", "missing_lines": 0, "excluded_lines": 0, "percent_statements_covered": 100.0, "percent_statements_covered_display": "100"}, "missing_lines": [], "excluded_lines": [], "start_line": 182}, "VerifierWorker.process": {"executed_lines": [195, 197, 198, 199, 201, 202, 209, 210, 212, 234, 235, 237], "summary": {"covered_lines": 12, "num_statements": 23, "percent_covered": 52.17391304347826, "percent_covered_display": "52", "missing_lines": 11, "excluded_lines": 0, "percent_statements_covered": 52.17391304347826, "percent_statements_covered_display": "52"}, "missing_lines": [213, 215, 216, 217, 218, 219, 220, 221, 230, 231, 232], "excluded_lines": [], "start_line": 185}, "": {"executed_lines": [7, 9, 10, 12, 13, 14, 17, 24, 31, 37, 41, 42, 43, 44, 45, 46, 48, 52, 71, 75, 92, 104, 164, 171, 172, 173, 174, 175, 176, 177, 179, 182, 185], "summary": {"covered_lines": 33, "num_statements": 33, "percent_covered": 100.0, "percent_covered_display": "100", "missing_lines": 0, "excluded_lines": 0, "percent_statements_covered": 100.0, "percent_statements_covered_display": "100"}, "missing_lines": [], "excluded_lines": [], "start_line": 1}}, "classes": {"VerifierWorker": {"executed_lines": [180, 183, 195, 197, 198, 199, 201, 202, 209, 210, 212, 234, 235, 237], "summary": {"covered_lines": 14, "num_statements": 25, "percent_covered": 56.0, "percent_covered_display": "56", "missing_lines": 11, "excluded_lines": 0, "percent_statements_covered": 56.0, "percent_statements_covered_display": "56"}, "missing_lines": [213, 215, 216, 217, 218, 219, 220, 221, 230, 231, 232], "excluded_lines": [], "start_line": 164}, "": {"executed_lines": [7, 9, 10, 12, 13, 14, 17, 24, 31, 37, 41, 42, 43, 44, 45, 46, 48, 52, 71, 72, 75, 76, 77, 85, 86, 87, 88, 89, 92, 93, 94, 95, 96, 97, 98, 99, 100, 101, 104, 106, 107, 115, 116, 117, 118, 120, 121, 122, 123, 124, 125, 127, 128, 130, 131, 132, 133, 134, 136, 138, 140, 141, 142, 143, 144, 145, 146, 147, 153, 164, 171, 172, 173, 174, 175, 176, 177, 179, 182, 185], "summary": {"covered_lines": 80, "num_statements": 88, "percent_covered": 90.9090909090909, "percent_covered_display": "91", "missing_lines": 8, "excluded_lines": 0, "percent_statements_covered": 90.9090909090909, "percent_statements_covered_display": "91"}, "missing_lines": [82, 83, 84, 135, 137, 148, 149, 151], "excluded_lines": [], "start_line": 1}}}}, "totals": {"covered_lines": 6572, "num_statements": 8915, "percent_covered": 73.71845204711161, "percent_covered_display": "74", "missing_lines": 2343, "excluded_lines": 16, "percent_statements_covered": 73.71845204711161, "percent_statements_covered_display": "74"}}